#
# There is insufficient memory for the Java Runtime Environment to continue.
# Native memory allocation (malloc) failed to allocate 931536 bytes for Chunk::new
# Possible reasons:
#   The system is out of physical RAM or swap space
#   The process is running with CompressedOops enabled, and the Java Heap may be blocking the growth of the native heap
# Possible solutions:
#   Reduce memory load on the system
#   Increase physical memory or swap space
#   Check if swap backing store is full
#   Decrease Java heap size (-Xmx/-Xms)
#   Decrease number of Java threads
#   Decrease Java thread stack sizes (-Xss)
#   Set larger code cache with -XX:ReservedCodeCacheSize=
#   JVM is running with Unscaled Compressed Oops mode in which the Java heap is
#     placed in the first 4GB address space. The Java Heap base address is the
#     maximum limit for the native heap growth. Please use -XX:HeapBaseMinAddress
#     to set the Java Heap base and to place the Java Heap above 4GB virtual address.
# This output file may be truncated or incomplete.
#
#  Out of Memory Error (./src/hotspot/share/memory/arena.cpp:197), pid=11756, tid=3240
#
# JRE version: OpenJDK Runtime Environment (11.0.11+9) (build 11.0.11+9-b60-7590822)
# Java VM: OpenJDK 64-Bit Server VM (11.0.11+9-b60-7590822, mixed mode, tiered, compressed oops, g1 gc, windows-amd64)
# No core dump will be written. Minidumps are not enabled by default on client versions of Windows
#

---------------  S U M M A R Y ------------

Command Line: --add-opens=java.base/java.util=ALL-UNNAMED --add-opens=java.base/java.lang=ALL-UNNAMED --add-opens=java.base/java.lang.invoke=ALL-UNNAMED --add-opens=java.base/java.util=ALL-UNNAMED --add-opens=java.prefs/java.util.prefs=ALL-UNNAMED --add-opens=java.prefs/java.util.prefs=ALL-UNNAMED --add-opens=java.base/java.nio.charset=ALL-UNNAMED --add-opens=java.base/java.net=ALL-UNNAMED --add-opens=java.base/java.util.concurrent.atomic=ALL-UNNAMED -Xmx2048m -Dfile.encoding=UTF-8 -Duser.country=US -Duser.language=en -Duser.variant org.gradle.launcher.daemon.bootstrap.GradleDaemon 7.2

Host: Intel(R) Core(TM) i7-8550U CPU @ 1.80GHz, 8 cores, 15G,  Windows 10 , 64 bit Build 19041 (10.0.19041.1645)
Time: Sun Apr 24 19:25:19 2022 Romance Daylight Time elapsed time: 22.411657 seconds (0d 0h 0m 22s)

---------------  T H R E A D  ---------------

Current thread (0x000002864dfc3000):  JavaThread "C2 CompilerThread0" daemon [_thread_in_native, id=3240, stack(0x000000d338b00000,0x000000d338c00000)]


Current CompileTask:
C2:  22411 9749       4       com.android.ide.common.resources.NodeUtils::updateNamespace (161 bytes)

Stack: [0x000000d338b00000,0x000000d338c00000]
Native frames: (J=compiled Java code, j=interpreted, Vv=VM code, C=native code)
V  [jvm.dll+0x5f214a]
V  [jvm.dll+0x726fb5]
V  [jvm.dll+0x7285cd]
V  [jvm.dll+0x728c83]
V  [jvm.dll+0x243278]
V  [jvm.dll+0xbc53c]
V  [jvm.dll+0xbca3c]
V  [jvm.dll+0x353e3b]
V  [jvm.dll+0x321893]
V  [jvm.dll+0x320d8a]
V  [jvm.dll+0x1fc1e2]
V  [jvm.dll+0x1fb3d4]
V  [jvm.dll+0x183d6c]
V  [jvm.dll+0x209a57]
V  [jvm.dll+0x2082a1]
V  [jvm.dll+0x6ef58f]
V  [jvm.dll+0x6e80b5]
V  [jvm.dll+0x5f1036]
C  [ucrtbase.dll+0x21bb2]
C  [KERNEL32.DLL+0x17034]
C  [ntdll.dll+0x52651]


---------------  P R O C E S S  ---------------

Threads class SMR info:
_java_thread_list=0x0000028653df5d10, length=136, elements={
0x0000028633272000, 0x000002864df4f000, 0x000002864df5b000, 0x000002864dfb4800,
0x000002864dfb5800, 0x000002864dfb8000, 0x000002864dfc3000, 0x000002864dfc7800,
0x000002864dfd5000, 0x000002864e134000, 0x000002864fbee800, 0x000002864e66d000,
0x0000028650db2800, 0x00000286505a7000, 0x000002864fef2800, 0x000002865046b000,
0x000002864f98d000, 0x0000028650cb8000, 0x00000286504b3000, 0x0000028650c47800,
0x0000028650c49000, 0x0000028650c4a800, 0x0000028650c4b800, 0x0000028650c4c800,
0x0000028650c4d000, 0x0000028650c4e000, 0x0000028650c48000, 0x0000028650c4a000,
0x000002865177f000, 0x000002865177e000, 0x0000028651781000, 0x000002865177d000,
0x0000028651787800, 0x0000028651786000, 0x0000028651783000, 0x0000028651782000,
0x0000028651785800, 0x0000028651788800, 0x0000028651789800, 0x0000028651783800,
0x000002865178a000, 0x000002865178b000, 0x000002865178c000, 0x0000028654e10800,
0x0000028654e13800, 0x0000028654e11000, 0x0000028654e14800, 0x0000028654e12800,
0x0000028654e0e800, 0x0000028654e12000, 0x0000028654e15000, 0x0000028654e0f800,
0x0000028654e1b000, 0x0000028654e1b800, 0x0000028654e16000, 0x0000028654e1c800,
0x0000028654e17000, 0x0000028654e19800, 0x0000028654e1d800, 0x0000028654e1a000,
0x0000028654e18800, 0x0000028654e17800, 0x0000028654c3f000, 0x0000028654c42800,
0x0000028654c41800, 0x0000028654c3d800, 0x0000028654c43800, 0x0000028654c44000,
0x0000028654c40000, 0x0000028654c41000, 0x0000028654c3e800, 0x0000028654c45000,
0x0000028654c46800, 0x0000028654c48000, 0x0000028654c46000, 0x0000028654c4c800,
0x0000028654c4a000, 0x0000028654c47800, 0x0000028654c49000, 0x0000028654c4a800,
0x0000028654c4b800, 0x0000028654a15800, 0x0000028654a11800, 0x0000028654a12800,
0x0000028654a15000, 0x0000028654a13000, 0x0000028654a14000, 0x0000028654a10000,
0x0000028654a11000, 0x0000028654a1a800, 0x0000028654a1a000, 0x0000028654a17800,
0x0000028654a19000, 0x0000028654a1c000, 0x0000028654a1b800, 0x0000028654a16800,
0x0000028654a1d000, 0x0000028654a1e000, 0x0000028654a18000, 0x0000028654a1e800,
0x00000286549f6000, 0x00000286549f2000, 0x00000286549f4800, 0x00000286549f5000,
0x00000286549f0000, 0x00000286549f1000, 0x00000286549f7000, 0x00000286549f7800,
0x00000286549f8800, 0x00000286549f3800, 0x00000286549f2800, 0x00000286549fd800,
0x00000286549fe000, 0x00000286549ff000, 0x00000286549f9000, 0x00000286549fa000,
0x00000286549fc800, 0x00000286549fb000, 0x00000286549fb800, 0x00000286541a3800,
0x00000286541a4000, 0x00000286541a5800, 0x0000028651638800, 0x0000028653f96000,
0x00000286541a2800, 0x00000286541a0000, 0x00000286541a6800, 0x00000286541a1000,
0x00000286541ad000, 0x00000286541ab800, 0x00000286541a9000, 0x00000286541a8000,
0x00000286541aa000, 0x00000286541a7800, 0x00000286541ae800, 0x00000286541ae000
}

Java Threads: ( => current thread )
  0x0000028633272000 JavaThread "main" [_thread_blocked, id=11792, stack(0x000000d337f00000,0x000000d338000000)]
  0x000002864df4f000 JavaThread "Reference Handler" daemon [_thread_blocked, id=620, stack(0x000000d338600000,0x000000d338700000)]
  0x000002864df5b000 JavaThread "Finalizer" daemon [_thread_blocked, id=1304, stack(0x000000d338700000,0x000000d338800000)]
  0x000002864dfb4800 JavaThread "Signal Dispatcher" daemon [_thread_blocked, id=10492, stack(0x000000d338800000,0x000000d338900000)]
  0x000002864dfb5800 JavaThread "Attach Listener" daemon [_thread_blocked, id=5684, stack(0x000000d338900000,0x000000d338a00000)]
  0x000002864dfb8000 JavaThread "Service Thread" daemon [_thread_blocked, id=10296, stack(0x000000d338a00000,0x000000d338b00000)]
=>0x000002864dfc3000 JavaThread "C2 CompilerThread0" daemon [_thread_in_native, id=3240, stack(0x000000d338b00000,0x000000d338c00000)]
  0x000002864dfc7800 JavaThread "C1 CompilerThread0" daemon [_thread_blocked, id=9836, stack(0x000000d338c00000,0x000000d338d00000)]
  0x000002864dfd5000 JavaThread "Sweeper thread" daemon [_thread_blocked, id=3132, stack(0x000000d338d00000,0x000000d338e00000)]
  0x000002864e134000 JavaThread "Common-Cleaner" daemon [_thread_blocked, id=2168, stack(0x000000d338e00000,0x000000d338f00000)]
  0x000002864fbee800 JavaThread "Daemon health stats" [_thread_blocked, id=1676, stack(0x000000d339700000,0x000000d339800000)]
  0x000002864e66d000 JavaThread "Incoming local TCP Connector on port 57472" [_thread_in_native, id=2364, stack(0x000000d339000000,0x000000d339100000)]
  0x0000028650db2800 JavaThread "Daemon periodic checks" [_thread_blocked, id=3316, stack(0x000000d339100000,0x000000d339200000)]
  0x00000286505a7000 JavaThread "Daemon" [_thread_blocked, id=3512, stack(0x000000d339800000,0x000000d339900000)]
  0x000002864fef2800 JavaThread "Handler for socket connection from /127.0.0.1:57472 to /127.0.0.1:57477" [_thread_in_native, id=2468, stack(0x000000d339900000,0x000000d339a00000)]
  0x000002865046b000 JavaThread "Cancel handler" [_thread_blocked, id=8724, stack(0x000000d339a00000,0x000000d339b00000)]
  0x000002864f98d000 JavaThread "Daemon worker" [_thread_blocked, id=11924, stack(0x000000d339b00000,0x000000d339c00000)]
  0x0000028650cb8000 JavaThread "Asynchronous log dispatcher for DefaultDaemonConnection: socket connection from /127.0.0.1:57472 to /127.0.0.1:57477" [_thread_blocked, id=12164, stack(0x000000d339c00000,0x000000d339d00000)]
  0x00000286504b3000 JavaThread "Stdin handler" [_thread_blocked, id=9548, stack(0x000000d339d00000,0x000000d339e00000)]
  0x0000028650c47800 JavaThread "Daemon client event forwarder" [_thread_blocked, id=5528, stack(0x000000d339e00000,0x000000d339f00000)]
  0x0000028650c49000 JavaThread "Cache worker for journal cache (C:\Users\Lino\.gradle\caches\journal-1)" [_thread_blocked, id=11112, stack(0x000000d33a000000,0x000000d33a100000)]
  0x0000028650c4a800 JavaThread "File lock request listener" [_thread_in_native, id=5436, stack(0x000000d33a100000,0x000000d33a200000)]
  0x0000028650c4b800 JavaThread "Cache worker for file hash cache (C:\Users\Lino\.gradle\caches\7.2\fileHashes)" [_thread_blocked, id=11468, stack(0x000000d33a200000,0x000000d33a300000)]
  0x0000028650c4c800 JavaThread "Cache worker for file hash cache (C:\Users\Lino\AndroidStudioProjects\dbsqlite\.gradle\7.2\fileHashes)" [_thread_blocked, id=1248, stack(0x000000d33a600000,0x000000d33a700000)]
  0x0000028650c4d000 JavaThread "File watcher server" daemon [_thread_in_native, id=9212, stack(0x000000d33a700000,0x000000d33a800000)]
  0x0000028650c4e000 JavaThread "File watcher consumer" daemon [_thread_blocked, id=5104, stack(0x000000d33a800000,0x000000d33a900000)]
  0x0000028650c48000 JavaThread "Cache worker for checksums cache (C:\Users\Lino\AndroidStudioProjects\dbsqlite\.gradle\checksums)" [_thread_blocked, id=12116, stack(0x000000d33a900000,0x000000d33aa00000)]
  0x0000028650c4a000 JavaThread "Cache worker for cache directory md-supplier (C:\Users\Lino\.gradle\caches\7.2\md-supplier)" [_thread_blocked, id=5760, stack(0x000000d33aa00000,0x000000d33ab00000)]
  0x000002865177f000 JavaThread "Cache worker for cache directory md-rule (C:\Users\Lino\.gradle\caches\7.2\md-rule)" [_thread_blocked, id=11124, stack(0x000000d33ac00000,0x000000d33ad00000)]
  0x000002865177e000 JavaThread "Cache worker for execution history cache (C:\Users\Lino\.gradle\caches\7.2\executionHistory)" [_thread_blocked, id=8048, stack(0x000000d33ad00000,0x000000d33ae00000)]
  0x0000028651781000 JavaThread "jar transforms" [_thread_blocked, id=7012, stack(0x000000d33ae00000,0x000000d33af00000)]
  0x000002865177d000 JavaThread "Cache worker for file content cache (C:\Users\Lino\.gradle\caches\7.2\fileContent)" [_thread_blocked, id=9352, stack(0x000000d33af00000,0x000000d33b000000)]
  0x0000028651787800 JavaThread "jar transforms Thread 2" [_thread_blocked, id=12140, stack(0x000000d33b000000,0x000000d33b100000)]
  0x0000028651786000 JavaThread "Cache worker for dependencies-accessors (C:\Users\Lino\AndroidStudioProjects\dbsqlite\.gradle\7.2\dependencies-accessors)" [_thread_blocked, id=6056, stack(0x000000d33b100000,0x000000d33b200000)]
  0x0000028651783000 JavaThread "jar transforms Thread 3" [_thread_blocked, id=8340, stack(0x000000d33b200000,0x000000d33b300000)]
  0x0000028651782000 JavaThread "Cache worker for Build Output Cleanup Cache (C:\Users\Lino\AndroidStudioProjects\dbsqlite\.gradle\buildOutputCleanup)" [_thread_blocked, id=1884, stack(0x000000d33b300000,0x000000d33b400000)]
  0x0000028651785800 JavaThread "Unconstrained build operations" [_thread_blocked, id=6540, stack(0x000000d33b400000,0x000000d33b500000)]
  0x0000028651788800 JavaThread "Unconstrained build operations Thread 2" [_thread_blocked, id=3648, stack(0x000000d33b500000,0x000000d33b600000)]
  0x0000028651789800 JavaThread "Unconstrained build operations Thread 3" [_thread_blocked, id=808, stack(0x000000d33b600000,0x000000d33b700000)]
  0x0000028651783800 JavaThread "Unconstrained build operations Thread 4" [_thread_blocked, id=6204, stack(0x000000d33b700000,0x000000d33b800000)]
  0x000002865178a000 JavaThread "Unconstrained build operations Thread 5" [_thread_blocked, id=1672, stack(0x000000d33b800000,0x000000d33b900000)]
  0x000002865178b000 JavaThread "Unconstrained build operations Thread 6" [_thread_blocked, id=10968, stack(0x000000d33b900000,0x000000d33ba00000)]
  0x000002865178c000 JavaThread "Unconstrained build operations Thread 7" [_thread_blocked, id=12276, stack(0x000000d33ba00000,0x000000d33bb00000)]
  0x0000028654e10800 JavaThread "Unconstrained build operations Thread 8" [_thread_blocked, id=7664, stack(0x000000d33bb00000,0x000000d33bc00000)]
  0x0000028654e13800 JavaThread "Unconstrained build operations Thread 9" [_thread_blocked, id=11324, stack(0x000000d33bc00000,0x000000d33bd00000)]
  0x0000028654e11000 JavaThread "Unconstrained build operations Thread 10" [_thread_blocked, id=3224, stack(0x000000d33bd00000,0x000000d33be00000)]
  0x0000028654e14800 JavaThread "Unconstrained build operations Thread 11" [_thread_blocked, id=11716, stack(0x000000d33be00000,0x000000d33bf00000)]
  0x0000028654e12800 JavaThread "Unconstrained build operations Thread 12" [_thread_blocked, id=7188, stack(0x000000d33bf00000,0x000000d33c000000)]
  0x0000028654e0e800 JavaThread "Unconstrained build operations Thread 13" [_thread_blocked, id=5724, stack(0x000000d33c000000,0x000000d33c100000)]
  0x0000028654e12000 JavaThread "Unconstrained build operations Thread 14" [_thread_blocked, id=10972, stack(0x000000d33c100000,0x000000d33c200000)]
  0x0000028654e15000 JavaThread "Unconstrained build operations Thread 15" [_thread_blocked, id=3480, stack(0x000000d33c200000,0x000000d33c300000)]
  0x0000028654e0f800 JavaThread "Unconstrained build operations Thread 16" [_thread_blocked, id=9652, stack(0x000000d33c300000,0x000000d33c400000)]
  0x0000028654e1b000 JavaThread "Unconstrained build operations Thread 17" [_thread_blocked, id=2884, stack(0x000000d33c400000,0x000000d33c500000)]
  0x0000028654e1b800 JavaThread "Unconstrained build operations Thread 18" [_thread_blocked, id=1812, stack(0x000000d33c500000,0x000000d33c600000)]
  0x0000028654e16000 JavaThread "Unconstrained build operations Thread 19" [_thread_blocked, id=9904, stack(0x000000d33c600000,0x000000d33c700000)]
  0x0000028654e1c800 JavaThread "Unconstrained build operations Thread 20" [_thread_blocked, id=2068, stack(0x000000d33c700000,0x000000d33c800000)]
  0x0000028654e17000 JavaThread "Unconstrained build operations Thread 21" [_thread_blocked, id=11244, stack(0x000000d33c800000,0x000000d33c900000)]
  0x0000028654e19800 JavaThread "Unconstrained build operations Thread 22" [_thread_blocked, id=6476, stack(0x000000d33c900000,0x000000d33ca00000)]
  0x0000028654e1d800 JavaThread "Unconstrained build operations Thread 23" [_thread_blocked, id=4824, stack(0x000000d33ca00000,0x000000d33cb00000)]
  0x0000028654e1a000 JavaThread "Unconstrained build operations Thread 24" [_thread_blocked, id=7084, stack(0x000000d33cb00000,0x000000d33cc00000)]
  0x0000028654e18800 JavaThread "Unconstrained build operations Thread 25" [_thread_blocked, id=3756, stack(0x000000d33cc00000,0x000000d33cd00000)]
  0x0000028654e17800 JavaThread "Unconstrained build operations Thread 26" [_thread_blocked, id=9576, stack(0x000000d33cd00000,0x000000d33ce00000)]
  0x0000028654c3f000 JavaThread "Unconstrained build operations Thread 27" [_thread_blocked, id=11780, stack(0x000000d33ce00000,0x000000d33cf00000)]
  0x0000028654c42800 JavaThread "Unconstrained build operations Thread 28" [_thread_blocked, id=8460, stack(0x000000d33cf00000,0x000000d33d000000)]
  0x0000028654c41800 JavaThread "Unconstrained build operations Thread 29" [_thread_blocked, id=5052, stack(0x000000d33d000000,0x000000d33d100000)]
  0x0000028654c3d800 JavaThread "Unconstrained build operations Thread 30" [_thread_blocked, id=12160, stack(0x000000d33d100000,0x000000d33d200000)]
  0x0000028654c43800 JavaThread "Unconstrained build operations Thread 31" [_thread_blocked, id=11564, stack(0x000000d33d200000,0x000000d33d300000)]
  0x0000028654c44000 JavaThread "Unconstrained build operations Thread 32" [_thread_blocked, id=3668, stack(0x000000d33d300000,0x000000d33d400000)]
  0x0000028654c40000 JavaThread "Unconstrained build operations Thread 33" [_thread_blocked, id=10552, stack(0x000000d33d400000,0x000000d33d500000)]
  0x0000028654c41000 JavaThread "Unconstrained build operations Thread 34" [_thread_blocked, id=5832, stack(0x000000d33d500000,0x000000d33d600000)]
  0x0000028654c3e800 JavaThread "Unconstrained build operations Thread 35" [_thread_blocked, id=9796, stack(0x000000d33d600000,0x000000d33d700000)]
  0x0000028654c45000 JavaThread "Unconstrained build operations Thread 36" [_thread_blocked, id=8832, stack(0x000000d33d700000,0x000000d33d800000)]
  0x0000028654c46800 JavaThread "Unconstrained build operations Thread 37" [_thread_blocked, id=9032, stack(0x000000d33d800000,0x000000d33d900000)]
  0x0000028654c48000 JavaThread "Unconstrained build operations Thread 38" [_thread_blocked, id=8812, stack(0x000000d33d900000,0x000000d33da00000)]
  0x0000028654c46000 JavaThread "Unconstrained build operations Thread 39" [_thread_blocked, id=11512, stack(0x000000d33da00000,0x000000d33db00000)]
  0x0000028654c4c800 JavaThread "Unconstrained build operations Thread 40" [_thread_blocked, id=7936, stack(0x000000d33db00000,0x000000d33dc00000)]
  0x0000028654c4a000 JavaThread "Unconstrained build operations Thread 41" [_thread_blocked, id=5524, stack(0x000000d33dc00000,0x000000d33dd00000)]
  0x0000028654c47800 JavaThread "Unconstrained build operations Thread 42" [_thread_blocked, id=5944, stack(0x000000d33dd00000,0x000000d33de00000)]
  0x0000028654c49000 JavaThread "Unconstrained build operations Thread 43" [_thread_blocked, id=3108, stack(0x000000d33de00000,0x000000d33df00000)]
  0x0000028654c4a800 JavaThread "Unconstrained build operations Thread 44" [_thread_blocked, id=10856, stack(0x000000d33df00000,0x000000d33e000000)]
  0x0000028654c4b800 JavaThread "Unconstrained build operations Thread 45" [_thread_blocked, id=10784, stack(0x000000d33e000000,0x000000d33e100000)]
  0x0000028654a15800 JavaThread "Unconstrained build operations Thread 46" [_thread_blocked, id=8700, stack(0x000000d33e100000,0x000000d33e200000)]
  0x0000028654a11800 JavaThread "Unconstrained build operations Thread 47" [_thread_blocked, id=12048, stack(0x000000d33e200000,0x000000d33e300000)]
  0x0000028654a12800 JavaThread "Unconstrained build operations Thread 48" [_thread_blocked, id=8404, stack(0x000000d33e300000,0x000000d33e400000)]
  0x0000028654a15000 JavaThread "Unconstrained build operations Thread 49" [_thread_blocked, id=2220, stack(0x000000d33e400000,0x000000d33e500000)]
  0x0000028654a13000 JavaThread "Unconstrained build operations Thread 50" [_thread_blocked, id=3812, stack(0x000000d33e500000,0x000000d33e600000)]
  0x0000028654a14000 JavaThread "Unconstrained build operations Thread 51" [_thread_blocked, id=11776, stack(0x000000d33e600000,0x000000d33e700000)]
  0x0000028654a10000 JavaThread "Unconstrained build operations Thread 52" [_thread_blocked, id=10124, stack(0x000000d33e700000,0x000000d33e800000)]
  0x0000028654a11000 JavaThread "Unconstrained build operations Thread 53" [_thread_blocked, id=11408, stack(0x000000d33e800000,0x000000d33e900000)]
  0x0000028654a1a800 JavaThread "Unconstrained build operations Thread 54" [_thread_blocked, id=10664, stack(0x000000d33e900000,0x000000d33ea00000)]
  0x0000028654a1a000 JavaThread "Unconstrained build operations Thread 55" [_thread_blocked, id=11932, stack(0x000000d33ea00000,0x000000d33eb00000)]
  0x0000028654a17800 JavaThread "Unconstrained build operations Thread 56" [_thread_blocked, id=8412, stack(0x000000d33eb00000,0x000000d33ec00000)]
  0x0000028654a19000 JavaThread "Unconstrained build operations Thread 57" [_thread_blocked, id=8520, stack(0x000000d33ec00000,0x000000d33ed00000)]
  0x0000028654a1c000 JavaThread "Unconstrained build operations Thread 58" [_thread_blocked, id=2056, stack(0x000000d33ed00000,0x000000d33ee00000)]
  0x0000028654a1b800 JavaThread "Unconstrained build operations Thread 59" [_thread_blocked, id=5928, stack(0x000000d33ee00000,0x000000d33ef00000)]
  0x0000028654a16800 JavaThread "Unconstrained build operations Thread 60" [_thread_blocked, id=3936, stack(0x000000d33ef00000,0x000000d33f000000)]
  0x0000028654a1d000 JavaThread "Unconstrained build operations Thread 61" [_thread_blocked, id=2848, stack(0x000000d33f000000,0x000000d33f100000)]
  0x0000028654a1e000 JavaThread "Unconstrained build operations Thread 62" [_thread_blocked, id=3456, stack(0x000000d33f100000,0x000000d33f200000)]
  0x0000028654a18000 JavaThread "Unconstrained build operations Thread 63" [_thread_blocked, id=9404, stack(0x000000d33f200000,0x000000d33f300000)]
  0x0000028654a1e800 JavaThread "Unconstrained build operations Thread 64" [_thread_blocked, id=12036, stack(0x000000d33f300000,0x000000d33f400000)]
  0x00000286549f6000 JavaThread "Unconstrained build operations Thread 65" [_thread_blocked, id=7612, stack(0x000000d33f400000,0x000000d33f500000)]
  0x00000286549f2000 JavaThread "Unconstrained build operations Thread 66" [_thread_blocked, id=4728, stack(0x000000d33f500000,0x000000d33f600000)]
  0x00000286549f4800 JavaThread "Unconstrained build operations Thread 67" [_thread_blocked, id=8892, stack(0x000000d33f600000,0x000000d33f700000)]
  0x00000286549f5000 JavaThread "Unconstrained build operations Thread 68" [_thread_blocked, id=8068, stack(0x000000d33f700000,0x000000d33f800000)]
  0x00000286549f0000 JavaThread "Unconstrained build operations Thread 69" [_thread_blocked, id=7184, stack(0x000000d33f800000,0x000000d33f900000)]
  0x00000286549f1000 JavaThread "Unconstrained build operations Thread 70" [_thread_blocked, id=4800, stack(0x000000d33f900000,0x000000d33fa00000)]
  0x00000286549f7000 JavaThread "Unconstrained build operations Thread 71" [_thread_blocked, id=2104, stack(0x000000d33fa00000,0x000000d33fb00000)]
  0x00000286549f7800 JavaThread "Unconstrained build operations Thread 72" [_thread_blocked, id=8176, stack(0x000000d33fb00000,0x000000d33fc00000)]
  0x00000286549f8800 JavaThread "Unconstrained build operations Thread 73" [_thread_blocked, id=8484, stack(0x000000d33fc00000,0x000000d33fd00000)]
  0x00000286549f3800 JavaThread "Unconstrained build operations Thread 74" [_thread_blocked, id=7264, stack(0x000000d33fd00000,0x000000d33fe00000)]
  0x00000286549f2800 JavaThread "Unconstrained build operations Thread 75" [_thread_blocked, id=9412, stack(0x000000d33fe00000,0x000000d33ff00000)]
  0x00000286549fd800 JavaThread "Unconstrained build operations Thread 76" [_thread_blocked, id=10324, stack(0x000000d33ff00000,0x000000d340000000)]
  0x00000286549fe000 JavaThread "Unconstrained build operations Thread 77" [_thread_blocked, id=11680, stack(0x000000d340000000,0x000000d340100000)]
  0x00000286549ff000 JavaThread "Unconstrained build operations Thread 78" [_thread_blocked, id=9064, stack(0x000000d340100000,0x000000d340200000)]
  0x00000286549f9000 JavaThread "Unconstrained build operations Thread 79" [_thread_blocked, id=8884, stack(0x000000d340200000,0x000000d340300000)]
  0x00000286549fa000 JavaThread "Unconstrained build operations Thread 80" [_thread_blocked, id=11748, stack(0x000000d340300000,0x000000d340400000)]
  0x00000286549fc800 JavaThread "jar transforms Thread 4" [_thread_blocked, id=12044, stack(0x000000d340400000,0x000000d340500000)]
  0x00000286549fb000 JavaThread "jar transforms Thread 5" [_thread_blocked, id=3788, stack(0x000000d340500000,0x000000d340600000)]
  0x00000286549fb800 JavaThread "jar transforms Thread 6" [_thread_blocked, id=11576, stack(0x000000d340600000,0x000000d340700000)]
  0x00000286541a3800 JavaThread "jar transforms Thread 7" [_thread_blocked, id=8044, stack(0x000000d340700000,0x000000d340800000)]
  0x00000286541a4000 JavaThread "jar transforms Thread 8" [_thread_blocked, id=12100, stack(0x000000d340800000,0x000000d340900000)]
  0x00000286541a5800 JavaThread "Memory manager" [_thread_blocked, id=11604, stack(0x000000d340900000,0x000000d340a00000)]
  0x0000028651638800 JavaThread "C2 CompilerThread1" daemon [_thread_in_native, id=11384, stack(0x000000d339f00000,0x000000d33a000000)]
  0x0000028653f96000 JavaThread "C2 CompilerThread2" daemon [_thread_in_native, id=444, stack(0x000000d33ab00000,0x000000d33ac00000)]
  0x00000286541a2800 JavaThread "build event listener" [_thread_blocked, id=6996, stack(0x000000d340a00000,0x000000d340b00000)]
  0x00000286541a0000 JavaThread "Execution worker for ':'" [_thread_blocked, id=11928, stack(0x000000d340b00000,0x000000d340c00000)]
  0x00000286541a6800 JavaThread "Execution worker for ':' Thread 2" [_thread_blocked, id=8384, stack(0x000000d340c00000,0x000000d340d00000)]
  0x00000286541a1000 JavaThread "Execution worker for ':' Thread 3" [_thread_in_native, id=12152, stack(0x000000d340d00000,0x000000d340e00000)]
  0x00000286541ad000 JavaThread "Execution worker for ':' Thread 4" [_thread_blocked, id=11592, stack(0x000000d340e00000,0x000000d340f00000)]
  0x00000286541ab800 JavaThread "Execution worker for ':' Thread 5" [_thread_blocked, id=9340, stack(0x000000d340f00000,0x000000d341000000)]
  0x00000286541a9000 JavaThread "Execution worker for ':' Thread 6" [_thread_blocked, id=7076, stack(0x000000d341000000,0x000000d341100000)]
  0x00000286541a8000 JavaThread "Execution worker for ':' Thread 7" [_thread_blocked, id=11180, stack(0x000000d341100000,0x000000d341200000)]
  0x00000286541aa000 JavaThread "Cache worker for execution history cache (C:\Users\Lino\AndroidStudioProjects\dbsqlite\.gradle\7.2\executionHistory)" [_thread_blocked, id=4228, stack(0x000000d341200000,0x000000d341300000)]
  0x00000286541a7800 JavaThread "WorkerExecutor Queue" [_thread_blocked, id=10020, stack(0x000000d341300000,0x000000d341400000)]
  0x00000286541ae800 JavaThread "WorkerExecutor Queue Thread 2" [_thread_blocked, id=11428, stack(0x000000d341400000,0x000000d341500000)]
  0x00000286541ae000 JavaThread "WorkerExecutor Queue Thread 3" [_thread_blocked, id=4144, stack(0x000000d341500000,0x000000d341600000)]

Other Threads:
  0x000002864d71e000 VMThread "VM Thread" [stack: 0x000000d338500000,0x000000d338600000] [id=7848]
  0x000002864e13f000 WatcherThread [stack: 0x000000d338f00000,0x000000d339000000] [id=11440]
  0x0000028633288000 GCTaskThread "GC Thread#0" [stack: 0x000000d338000000,0x000000d338100000] [id=5796]
  0x000002864f246000 GCTaskThread "GC Thread#1" [stack: 0x000000d339200000,0x000000d339300000] [id=8296]
  0x000002864f005000 GCTaskThread "GC Thread#2" [stack: 0x000000d339300000,0x000000d339400000] [id=12196]
  0x000002864f005800 GCTaskThread "GC Thread#3" [stack: 0x000000d339400000,0x000000d339500000] [id=1092]
  0x000002864e91c800 GCTaskThread "GC Thread#4" [stack: 0x000000d339500000,0x000000d339600000] [id=8524]
  0x000002864f198000 GCTaskThread "GC Thread#5" [stack: 0x000000d339600000,0x000000d339700000] [id=11248]
  0x0000028650169800 GCTaskThread "GC Thread#6" [stack: 0x000000d33a300000,0x000000d33a400000] [id=7756]
  0x0000028650564000 GCTaskThread "GC Thread#7" [stack: 0x000000d33a400000,0x000000d33a500000] [id=8504]
  0x00000286332b9800 ConcurrentGCThread "G1 Main Marker" [stack: 0x000000d338100000,0x000000d338200000] [id=11376]
  0x00000286332ba800 ConcurrentGCThread "G1 Conc#0" [stack: 0x000000d338200000,0x000000d338300000] [id=5848]
  0x0000028650c62800 ConcurrentGCThread "G1 Conc#1" [stack: 0x000000d33a500000,0x000000d33a600000] [id=4600]
  0x000002863334e800 ConcurrentGCThread "G1 Refine#0" [stack: 0x000000d338300000,0x000000d338400000] [id=10340]
  0x000002864d59a800 ConcurrentGCThread "G1 Young RemSet Sampling" [stack: 0x000000d338400000,0x000000d338500000] [id=2072]

Threads with active compile tasks:
C2 CompilerThread0  22460 9749       4       com.android.ide.common.resources.NodeUtils::updateNamespace (161 bytes)
C2 CompilerThread1  22460 9801       4       com.android.utils.XmlUtils::append (647 bytes)
C2 CompilerThread2  22460 9796       4       java.util.HashMap::removeNode (291 bytes)

VM state:not at safepoint (normal execution)

VM Mutex/Monitor currently owned by a thread: None

Heap address: 0x0000000080000000, size: 2048 MB, Compressed Oops mode: 32-bit
Narrow klass base: 0x0000000000000000, Narrow klass shift: 3
Compressed class space size: 1073741824 Address: 0x0000000100000000

Heap:
 garbage-first heap   total 262144K, used 192682K [0x0000000080000000, 0x0000000100000000)
  region size 1024K, 124 young (126976K), 9 survivors (9216K)
 Metaspace       used 84180K, capacity 86372K, committed 86476K, reserved 1124352K
  class space    used 10934K, capacity 11711K, committed 11724K, reserved 1048576K
Heap Regions: E=young(eden), S=young(survivor), O=old, HS=humongous(starts), HC=humongous(continues), CS=collection set, F=free, A=archive, TAMS=top-at-mark-start (previous, next)
|   0|0x0000000080000000, 0x0000000080100000, 0x0000000080100000|100%| O|  |TAMS 0x0000000080100000, 0x0000000080000000| Untracked 
|   1|0x0000000080100000, 0x0000000080200000, 0x0000000080200000|100%| O|  |TAMS 0x0000000080200000, 0x0000000080100000| Untracked 
|   2|0x0000000080200000, 0x0000000080300000, 0x0000000080300000|100%| O|  |TAMS 0x0000000080300000, 0x0000000080200000| Untracked 
|   3|0x0000000080300000, 0x0000000080400000, 0x0000000080400000|100%|HS|  |TAMS 0x0000000080400000, 0x0000000080300000| Complete 
|   4|0x0000000080400000, 0x0000000080500000, 0x0000000080500000|100%|HC|  |TAMS 0x0000000080500000, 0x0000000080400000| Complete 
|   5|0x0000000080500000, 0x0000000080600000, 0x0000000080600000|100%|HC|  |TAMS 0x0000000080600000, 0x0000000080500000| Complete 
|   6|0x0000000080600000, 0x0000000080700000, 0x0000000080700000|100%| O|  |TAMS 0x0000000080700000, 0x0000000080600000| Untracked 
|   7|0x0000000080700000, 0x0000000080800000, 0x0000000080800000|100%| O|  |TAMS 0x0000000080800000, 0x0000000080700000| Untracked 
|   8|0x0000000080800000, 0x0000000080900000, 0x0000000080900000|100%| O|  |TAMS 0x0000000080900000, 0x0000000080800000| Untracked 
|   9|0x0000000080900000, 0x0000000080a00000, 0x0000000080a00000|100%| O|  |TAMS 0x0000000080a00000, 0x0000000080900000| Untracked 
|  10|0x0000000080a00000, 0x0000000080b00000, 0x0000000080b00000|100%| O|  |TAMS 0x0000000080b00000, 0x0000000080a00000| Untracked 
|  11|0x0000000080b00000, 0x0000000080c00000, 0x0000000080c00000|100%| O|  |TAMS 0x0000000080c00000, 0x0000000080b00000| Untracked 
|  12|0x0000000080c00000, 0x0000000080d00000, 0x0000000080d00000|100%| O|  |TAMS 0x0000000080d00000, 0x0000000080c00000| Untracked 
|  13|0x0000000080d00000, 0x0000000080e00000, 0x0000000080e00000|100%| O|  |TAMS 0x0000000080e00000, 0x0000000080d00000| Untracked 
|  14|0x0000000080e00000, 0x0000000080f00000, 0x0000000080f00000|100%| O|  |TAMS 0x0000000080f00000, 0x0000000080e00000| Untracked 
|  15|0x0000000080f00000, 0x0000000081000000, 0x0000000081000000|100%| O|  |TAMS 0x0000000081000000, 0x0000000080f00000| Untracked 
|  16|0x0000000081000000, 0x0000000081100000, 0x0000000081100000|100%| O|  |TAMS 0x0000000081100000, 0x0000000081000000| Untracked 
|  17|0x0000000081100000, 0x0000000081200000, 0x0000000081200000|100%|HS|  |TAMS 0x0000000081200000, 0x0000000081100000| Complete 
|  18|0x0000000081200000, 0x0000000081300000, 0x0000000081300000|100%|HS|  |TAMS 0x0000000081300000, 0x0000000081200000| Complete 
|  19|0x0000000081300000, 0x0000000081400000, 0x0000000081400000|100%|HS|  |TAMS 0x0000000081400000, 0x0000000081300000| Complete 
|  20|0x0000000081400000, 0x0000000081500000, 0x0000000081500000|100%|HS|  |TAMS 0x0000000081500000, 0x0000000081400000| Complete 
|  21|0x0000000081500000, 0x0000000081600000, 0x0000000081600000|100%|HC|  |TAMS 0x0000000081600000, 0x0000000081500000| Complete 
|  22|0x0000000081600000, 0x0000000081700000, 0x0000000081700000|100%| O|  |TAMS 0x0000000081700000, 0x0000000081600000| Untracked 
|  23|0x0000000081700000, 0x0000000081800000, 0x0000000081800000|100%| O|  |TAMS 0x0000000081800000, 0x0000000081700000| Untracked 
|  24|0x0000000081800000, 0x0000000081900000, 0x0000000081900000|100%| O|  |TAMS 0x0000000081900000, 0x0000000081800000| Untracked 
|  25|0x0000000081900000, 0x0000000081a00000, 0x0000000081a00000|100%| O|  |TAMS 0x0000000081a00000, 0x0000000081900000| Untracked 
|  26|0x0000000081a00000, 0x0000000081b00000, 0x0000000081b00000|100%| O|  |TAMS 0x0000000081b00000, 0x0000000081a00000| Untracked 
|  27|0x0000000081b00000, 0x0000000081c00000, 0x0000000081c00000|100%| O|  |TAMS 0x0000000081c00000, 0x0000000081b00000| Untracked 
|  28|0x0000000081c00000, 0x0000000081d00000, 0x0000000081d00000|100%| O|  |TAMS 0x0000000081d00000, 0x0000000081c00000| Untracked 
|  29|0x0000000081d00000, 0x0000000081e00000, 0x0000000081e00000|100%| O|  |TAMS 0x0000000081e00000, 0x0000000081d00000| Untracked 
|  30|0x0000000081e00000, 0x0000000081f00000, 0x0000000081f00000|100%| O|  |TAMS 0x0000000081f00000, 0x0000000081e00000| Untracked 
|  31|0x0000000081f00000, 0x0000000082000000, 0x0000000082000000|100%| O|  |TAMS 0x0000000082000000, 0x0000000081f00000| Untracked 
|  32|0x0000000082000000, 0x0000000082100000, 0x0000000082100000|100%| O|  |TAMS 0x00000000820c4400, 0x0000000082000000| Untracked 
|  33|0x0000000082100000, 0x0000000082200000, 0x0000000082200000|100%| O|  |TAMS 0x0000000082100000, 0x0000000082100000| Untracked 
|  34|0x0000000082200000, 0x0000000082300000, 0x0000000082300000|100%| O|  |TAMS 0x0000000082200000, 0x0000000082200000| Untracked 
|  35|0x0000000082300000, 0x0000000082400000, 0x0000000082400000|100%| O|  |TAMS 0x0000000082300000, 0x0000000082300000| Untracked 
|  36|0x0000000082400000, 0x0000000082500000, 0x0000000082500000|100%| O|  |TAMS 0x0000000082400000, 0x0000000082400000| Untracked 
|  37|0x0000000082500000, 0x0000000082600000, 0x0000000082600000|100%| O|  |TAMS 0x0000000082500000, 0x0000000082500000| Untracked 
|  38|0x0000000082600000, 0x0000000082700000, 0x0000000082700000|100%| O|  |TAMS 0x0000000082600000, 0x0000000082600000| Untracked 
|  39|0x0000000082700000, 0x0000000082800000, 0x0000000082800000|100%| O|  |TAMS 0x0000000082700000, 0x0000000082700000| Untracked 
|  40|0x0000000082800000, 0x0000000082900000, 0x0000000082900000|100%| O|  |TAMS 0x0000000082800000, 0x0000000082800000| Untracked 
|  41|0x0000000082900000, 0x0000000082a00000, 0x0000000082a00000|100%| O|  |TAMS 0x0000000082900000, 0x0000000082900000| Untracked 
|  42|0x0000000082a00000, 0x0000000082b00000, 0x0000000082b00000|100%| O|  |TAMS 0x0000000082a00000, 0x0000000082a00000| Untracked 
|  43|0x0000000082b00000, 0x0000000082c00000, 0x0000000082c00000|100%| O|  |TAMS 0x0000000082b00000, 0x0000000082b00000| Untracked 
|  44|0x0000000082c00000, 0x0000000082d00000, 0x0000000082d00000|100%| O|  |TAMS 0x0000000082c00000, 0x0000000082c00000| Untracked 
|  45|0x0000000082d00000, 0x0000000082e00000, 0x0000000082e00000|100%| O|  |TAMS 0x0000000082d00000, 0x0000000082d00000| Untracked 
|  46|0x0000000082e00000, 0x0000000082f00000, 0x0000000082f00000|100%| O|  |TAMS 0x0000000082e00000, 0x0000000082e00000| Untracked 
|  47|0x0000000082f00000, 0x0000000083000000, 0x0000000083000000|100%| O|  |TAMS 0x0000000082f00000, 0x0000000082f00000| Untracked 
|  48|0x0000000083000000, 0x0000000083100000, 0x0000000083100000|100%| O|  |TAMS 0x0000000083000000, 0x0000000083000000| Untracked 
|  49|0x0000000083100000, 0x0000000083200000, 0x0000000083200000|100%| O|  |TAMS 0x0000000083100000, 0x0000000083100000| Untracked 
|  50|0x0000000083200000, 0x0000000083300000, 0x0000000083300000|100%| O|  |TAMS 0x0000000083200000, 0x0000000083200000| Untracked 
|  51|0x0000000083300000, 0x0000000083400000, 0x0000000083400000|100%| O|  |TAMS 0x0000000083300000, 0x0000000083300000| Untracked 
|  52|0x0000000083400000, 0x0000000083500000, 0x0000000083500000|100%| O|  |TAMS 0x0000000083400000, 0x0000000083400000| Untracked 
|  53|0x0000000083500000, 0x0000000083600000, 0x0000000083600000|100%| O|  |TAMS 0x0000000083500000, 0x0000000083500000| Untracked 
|  54|0x0000000083600000, 0x0000000083700000, 0x0000000083700000|100%| O|  |TAMS 0x0000000083600000, 0x0000000083600000| Untracked 
|  55|0x0000000083700000, 0x000000008372a800, 0x0000000083800000| 16%| O|  |TAMS 0x0000000083700000, 0x0000000083700000| Untracked 
|  56|0x0000000083800000, 0x0000000083900000, 0x0000000083900000|100%|HS|  |TAMS 0x0000000083800000, 0x0000000083800000| Complete 
|  57|0x0000000083900000, 0x0000000083a00000, 0x0000000083a00000|100%|HS|  |TAMS 0x0000000083900000, 0x0000000083900000| Complete 
|  58|0x0000000083a00000, 0x0000000083b00000, 0x0000000083b00000|100%|HS|  |TAMS 0x0000000083a00000, 0x0000000083a00000| Complete 
|  59|0x0000000083b00000, 0x0000000083c00000, 0x0000000083c00000|100%|HS|  |TAMS 0x0000000083b00000, 0x0000000083b00000| Complete 
|  60|0x0000000083c00000, 0x0000000083d00000, 0x0000000083d00000|100%|HS|  |TAMS 0x0000000083c00000, 0x0000000083c00000| Complete 
|  61|0x0000000083d00000, 0x0000000083e00000, 0x0000000083e00000|100%|HC|  |TAMS 0x0000000083d00000, 0x0000000083d00000| Complete 
|  62|0x0000000083e00000, 0x0000000083f00000, 0x0000000083f00000|100%|HS|  |TAMS 0x0000000083e00000, 0x0000000083e00000| Complete 
|  63|0x0000000083f00000, 0x0000000084000000, 0x0000000084000000|100%|HS|  |TAMS 0x0000000083f00000, 0x0000000083f00000| Complete 
|  64|0x0000000084000000, 0x0000000084100000, 0x0000000084100000|100%|HC|  |TAMS 0x0000000084000000, 0x0000000084000000| Complete 
|  65|0x0000000084100000, 0x0000000084200000, 0x0000000084200000|100%|HS|  |TAMS 0x0000000084100000, 0x0000000084100000| Complete 
|  66|0x0000000084200000, 0x0000000084300000, 0x0000000084300000|100%|HC|  |TAMS 0x0000000084200000, 0x0000000084200000| Complete 
|  67|0x0000000084300000, 0x0000000084300000, 0x0000000084400000|  0%| F|  |TAMS 0x0000000084300000, 0x0000000084300000| Untracked 
|  68|0x0000000084400000, 0x0000000084400000, 0x0000000084500000|  0%| F|  |TAMS 0x0000000084400000, 0x0000000084400000| Untracked 
|  69|0x0000000084500000, 0x0000000084500000, 0x0000000084600000|  0%| F|  |TAMS 0x0000000084500000, 0x0000000084500000| Untracked 
|  70|0x0000000084600000, 0x0000000084600000, 0x0000000084700000|  0%| F|  |TAMS 0x0000000084600000, 0x0000000084600000| Untracked 
|  71|0x0000000084700000, 0x0000000084700000, 0x0000000084800000|  0%| F|  |TAMS 0x0000000084700000, 0x0000000084700000| Untracked 
|  72|0x0000000084800000, 0x0000000084800000, 0x0000000084900000|  0%| F|  |TAMS 0x0000000084800000, 0x0000000084800000| Untracked 
|  73|0x0000000084900000, 0x0000000084900000, 0x0000000084a00000|  0%| F|  |TAMS 0x0000000084900000, 0x0000000084900000| Untracked 
|  74|0x0000000084a00000, 0x0000000084a00000, 0x0000000084b00000|  0%| F|  |TAMS 0x0000000084a00000, 0x0000000084a00000| Untracked 
|  75|0x0000000084b00000, 0x0000000084b00000, 0x0000000084c00000|  0%| F|  |TAMS 0x0000000084b00000, 0x0000000084b00000| Untracked 
|  76|0x0000000084c00000, 0x0000000084c00000, 0x0000000084d00000|  0%| F|  |TAMS 0x0000000084c00000, 0x0000000084c00000| Untracked 
|  77|0x0000000084d00000, 0x0000000084d00000, 0x0000000084e00000|  0%| F|  |TAMS 0x0000000084d00000, 0x0000000084d00000| Untracked 
|  78|0x0000000084e00000, 0x0000000084e00000, 0x0000000084f00000|  0%| F|  |TAMS 0x0000000084e00000, 0x0000000084e00000| Untracked 
|  79|0x0000000084f00000, 0x0000000084f00000, 0x0000000085000000|  0%| F|  |TAMS 0x0000000084f00000, 0x0000000084f00000| Untracked 
|  80|0x0000000085000000, 0x0000000085000000, 0x0000000085100000|  0%| F|  |TAMS 0x0000000085000000, 0x0000000085000000| Untracked 
|  81|0x0000000085100000, 0x0000000085100000, 0x0000000085200000|  0%| F|  |TAMS 0x0000000085100000, 0x0000000085100000| Untracked 
|  82|0x0000000085200000, 0x0000000085200000, 0x0000000085300000|  0%| F|  |TAMS 0x0000000085200000, 0x0000000085200000| Untracked 
|  83|0x0000000085300000, 0x0000000085300000, 0x0000000085400000|  0%| F|  |TAMS 0x0000000085300000, 0x0000000085300000| Untracked 
|  84|0x0000000085400000, 0x0000000085400000, 0x0000000085500000|  0%| F|  |TAMS 0x0000000085400000, 0x0000000085400000| Untracked 
|  85|0x0000000085500000, 0x0000000085500000, 0x0000000085600000|  0%| F|  |TAMS 0x0000000085500000, 0x0000000085500000| Untracked 
|  86|0x0000000085600000, 0x0000000085600000, 0x0000000085700000|  0%| F|  |TAMS 0x0000000085600000, 0x0000000085600000| Untracked 
|  87|0x0000000085700000, 0x0000000085700000, 0x0000000085800000|  0%| F|  |TAMS 0x0000000085700000, 0x0000000085700000| Untracked 
|  88|0x0000000085800000, 0x0000000085800000, 0x0000000085900000|  0%| F|  |TAMS 0x0000000085800000, 0x0000000085800000| Untracked 
|  89|0x0000000085900000, 0x0000000085900000, 0x0000000085a00000|  0%| F|  |TAMS 0x0000000085900000, 0x0000000085900000| Untracked 
|  90|0x0000000085a00000, 0x0000000085a00000, 0x0000000085b00000|  0%| F|  |TAMS 0x0000000085a00000, 0x0000000085a00000| Untracked 
|  91|0x0000000085b00000, 0x0000000085b00000, 0x0000000085c00000|  0%| F|  |TAMS 0x0000000085b00000, 0x0000000085b00000| Untracked 
|  92|0x0000000085c00000, 0x0000000085c00000, 0x0000000085d00000|  0%| F|  |TAMS 0x0000000085c00000, 0x0000000085c00000| Untracked 
|  93|0x0000000085d00000, 0x0000000085d00000, 0x0000000085e00000|  0%| F|  |TAMS 0x0000000085d00000, 0x0000000085d00000| Untracked 
|  94|0x0000000085e00000, 0x0000000085e00000, 0x0000000085f00000|  0%| F|  |TAMS 0x0000000085e00000, 0x0000000085e00000| Untracked 
|  95|0x0000000085f00000, 0x0000000085f00000, 0x0000000086000000|  0%| F|  |TAMS 0x0000000085f00000, 0x0000000085f00000| Untracked 
|  96|0x0000000086000000, 0x0000000086000000, 0x0000000086100000|  0%| F|  |TAMS 0x0000000086000000, 0x0000000086000000| Untracked 
|  97|0x0000000086100000, 0x0000000086100000, 0x0000000086200000|  0%| F|  |TAMS 0x0000000086100000, 0x0000000086100000| Untracked 
|  98|0x0000000086200000, 0x0000000086200000, 0x0000000086300000|  0%| F|  |TAMS 0x0000000086200000, 0x0000000086200000| Untracked 
|  99|0x0000000086300000, 0x0000000086300000, 0x0000000086400000|  0%| F|  |TAMS 0x0000000086300000, 0x0000000086300000| Untracked 
| 100|0x0000000086400000, 0x0000000086400000, 0x0000000086500000|  0%| F|  |TAMS 0x0000000086400000, 0x0000000086400000| Untracked 
| 101|0x0000000086500000, 0x0000000086500000, 0x0000000086600000|  0%| F|  |TAMS 0x0000000086500000, 0x0000000086500000| Untracked 
| 102|0x0000000086600000, 0x0000000086600000, 0x0000000086700000|  0%| F|  |TAMS 0x0000000086600000, 0x0000000086600000| Untracked 
| 103|0x0000000086700000, 0x0000000086700000, 0x0000000086800000|  0%| F|  |TAMS 0x0000000086700000, 0x0000000086700000| Untracked 
| 104|0x0000000086800000, 0x0000000086800000, 0x0000000086900000|  0%| F|  |TAMS 0x0000000086800000, 0x0000000086800000| Untracked 
| 105|0x0000000086900000, 0x0000000086900000, 0x0000000086a00000|  0%| F|  |TAMS 0x0000000086900000, 0x0000000086900000| Untracked 
| 106|0x0000000086a00000, 0x0000000086a00000, 0x0000000086b00000|  0%| F|  |TAMS 0x0000000086a00000, 0x0000000086a00000| Untracked 
| 107|0x0000000086b00000, 0x0000000086b00000, 0x0000000086c00000|  0%| F|  |TAMS 0x0000000086b00000, 0x0000000086b00000| Untracked 
| 108|0x0000000086c00000, 0x0000000086c00000, 0x0000000086d00000|  0%| F|  |TAMS 0x0000000086c00000, 0x0000000086c00000| Untracked 
| 109|0x0000000086d00000, 0x0000000086d00000, 0x0000000086e00000|  0%| F|  |TAMS 0x0000000086d00000, 0x0000000086d00000| Untracked 
| 110|0x0000000086e00000, 0x0000000086e00000, 0x0000000086f00000|  0%| F|  |TAMS 0x0000000086e00000, 0x0000000086e00000| Untracked 
| 111|0x0000000086f00000, 0x0000000086f00000, 0x0000000087000000|  0%| F|  |TAMS 0x0000000086f00000, 0x0000000086f00000| Untracked 
| 112|0x0000000087000000, 0x0000000087100000, 0x0000000087100000|100%| S|CS|TAMS 0x0000000087000000, 0x0000000087000000| Complete 
| 113|0x0000000087100000, 0x0000000087200000, 0x0000000087200000|100%| S|CS|TAMS 0x0000000087100000, 0x0000000087100000| Complete 
| 114|0x0000000087200000, 0x0000000087300000, 0x0000000087300000|100%| S|CS|TAMS 0x0000000087200000, 0x0000000087200000| Complete 
| 115|0x0000000087300000, 0x0000000087400000, 0x0000000087400000|100%| S|CS|TAMS 0x0000000087300000, 0x0000000087300000| Complete 
| 116|0x0000000087400000, 0x0000000087500000, 0x0000000087500000|100%| S|CS|TAMS 0x0000000087400000, 0x0000000087400000| Complete 
| 117|0x0000000087500000, 0x0000000087600000, 0x0000000087600000|100%| S|CS|TAMS 0x0000000087500000, 0x0000000087500000| Complete 
| 118|0x0000000087600000, 0x0000000087700000, 0x0000000087700000|100%| S|CS|TAMS 0x0000000087600000, 0x0000000087600000| Complete 
| 119|0x0000000087700000, 0x0000000087800000, 0x0000000087800000|100%| S|CS|TAMS 0x0000000087700000, 0x0000000087700000| Complete 
| 120|0x0000000087800000, 0x0000000087900000, 0x0000000087900000|100%| S|CS|TAMS 0x0000000087800000, 0x0000000087800000| Complete 
| 121|0x0000000087900000, 0x0000000087900000, 0x0000000087a00000|  0%| F|  |TAMS 0x0000000087900000, 0x0000000087900000| Untracked 
| 122|0x0000000087a00000, 0x0000000087a00000, 0x0000000087b00000|  0%| F|  |TAMS 0x0000000087a00000, 0x0000000087a00000| Untracked 
| 123|0x0000000087b00000, 0x0000000087b00000, 0x0000000087c00000|  0%| F|  |TAMS 0x0000000087b00000, 0x0000000087b00000| Untracked 
| 124|0x0000000087c00000, 0x0000000087c00000, 0x0000000087d00000|  0%| F|  |TAMS 0x0000000087c00000, 0x0000000087c00000| Untracked 
| 125|0x0000000087d00000, 0x0000000087d00000, 0x0000000087e00000|  0%| F|  |TAMS 0x0000000087d00000, 0x0000000087d00000| Untracked 
| 126|0x0000000087e00000, 0x0000000087e00000, 0x0000000087f00000|  0%| F|  |TAMS 0x0000000087e00000, 0x0000000087e00000| Untracked 
| 127|0x0000000087f00000, 0x0000000087f00000, 0x0000000088000000|  0%| F|  |TAMS 0x0000000087f00000, 0x0000000087f00000| Untracked 
| 128|0x0000000088000000, 0x0000000088000000, 0x0000000088100000|  0%| F|  |TAMS 0x0000000088000000, 0x0000000088000000| Untracked 
| 129|0x0000000088100000, 0x0000000088100000, 0x0000000088200000|  0%| F|  |TAMS 0x0000000088100000, 0x0000000088100000| Untracked 
| 130|0x0000000088200000, 0x0000000088200000, 0x0000000088300000|  0%| F|  |TAMS 0x0000000088200000, 0x0000000088200000| Untracked 
| 131|0x0000000088300000, 0x0000000088300000, 0x0000000088400000|  0%| F|  |TAMS 0x0000000088300000, 0x0000000088300000| Untracked 
| 132|0x0000000088400000, 0x0000000088400000, 0x0000000088500000|  0%| F|  |TAMS 0x0000000088400000, 0x0000000088400000| Untracked 
| 133|0x0000000088500000, 0x0000000088500000, 0x0000000088600000|  0%| F|  |TAMS 0x0000000088500000, 0x0000000088500000| Untracked 
| 134|0x0000000088600000, 0x0000000088600000, 0x0000000088700000|  0%| F|  |TAMS 0x0000000088600000, 0x0000000088600000| Untracked 
| 135|0x0000000088700000, 0x0000000088700000, 0x0000000088800000|  0%| F|  |TAMS 0x0000000088700000, 0x0000000088700000| Untracked 
| 136|0x0000000088800000, 0x0000000088800000, 0x0000000088900000|  0%| F|  |TAMS 0x0000000088800000, 0x0000000088800000| Untracked 
| 137|0x0000000088900000, 0x0000000088900000, 0x0000000088a00000|  0%| F|  |TAMS 0x0000000088900000, 0x0000000088900000| Untracked 
| 138|0x0000000088a00000, 0x0000000088a00000, 0x0000000088b00000|  0%| F|  |TAMS 0x0000000088a00000, 0x0000000088a00000| Untracked 
| 139|0x0000000088b00000, 0x0000000088b00000, 0x0000000088c00000|  0%| F|  |TAMS 0x0000000088b00000, 0x0000000088b00000| Untracked 
| 140|0x0000000088c00000, 0x0000000088c00000, 0x0000000088d00000|  0%| F|  |TAMS 0x0000000088c00000, 0x0000000088c00000| Untracked 
| 141|0x0000000088d00000, 0x0000000088dc7ec8, 0x0000000088e00000| 78%| E|  |TAMS 0x0000000088d00000, 0x0000000088d00000| Complete 
| 142|0x0000000088e00000, 0x0000000088f00000, 0x0000000088f00000|100%| E|CS|TAMS 0x0000000088e00000, 0x0000000088e00000| Complete 
| 143|0x0000000088f00000, 0x0000000089000000, 0x0000000089000000|100%| E|CS|TAMS 0x0000000088f00000, 0x0000000088f00000| Complete 
| 144|0x0000000089000000, 0x0000000089100000, 0x0000000089100000|100%| E|CS|TAMS 0x0000000089000000, 0x0000000089000000| Complete 
| 145|0x0000000089100000, 0x0000000089200000, 0x0000000089200000|100%| E|  |TAMS 0x0000000089100000, 0x0000000089100000| Complete 
| 146|0x0000000089200000, 0x0000000089300000, 0x0000000089300000|100%| E|CS|TAMS 0x0000000089200000, 0x0000000089200000| Complete 
| 147|0x0000000089300000, 0x0000000089400000, 0x0000000089400000|100%| E|CS|TAMS 0x0000000089300000, 0x0000000089300000| Complete 
| 148|0x0000000089400000, 0x0000000089500000, 0x0000000089500000|100%| E|CS|TAMS 0x0000000089400000, 0x0000000089400000| Complete 
| 149|0x0000000089500000, 0x0000000089600000, 0x0000000089600000|100%| E|CS|TAMS 0x0000000089500000, 0x0000000089500000| Complete 
| 150|0x0000000089600000, 0x0000000089700000, 0x0000000089700000|100%| E|CS|TAMS 0x0000000089600000, 0x0000000089600000| Complete 
| 151|0x0000000089700000, 0x0000000089800000, 0x0000000089800000|100%| E|CS|TAMS 0x0000000089700000, 0x0000000089700000| Complete 
| 152|0x0000000089800000, 0x0000000089900000, 0x0000000089900000|100%| E|CS|TAMS 0x0000000089800000, 0x0000000089800000| Complete 
| 153|0x0000000089900000, 0x0000000089a00000, 0x0000000089a00000|100%| E|CS|TAMS 0x0000000089900000, 0x0000000089900000| Complete 
| 154|0x0000000089a00000, 0x0000000089b00000, 0x0000000089b00000|100%| E|CS|TAMS 0x0000000089a00000, 0x0000000089a00000| Complete 
| 155|0x0000000089b00000, 0x0000000089c00000, 0x0000000089c00000|100%| E|CS|TAMS 0x0000000089b00000, 0x0000000089b00000| Complete 
| 156|0x0000000089c00000, 0x0000000089d00000, 0x0000000089d00000|100%| E|CS|TAMS 0x0000000089c00000, 0x0000000089c00000| Complete 
| 157|0x0000000089d00000, 0x0000000089e00000, 0x0000000089e00000|100%| E|CS|TAMS 0x0000000089d00000, 0x0000000089d00000| Complete 
| 158|0x0000000089e00000, 0x0000000089f00000, 0x0000000089f00000|100%| E|CS|TAMS 0x0000000089e00000, 0x0000000089e00000| Complete 
| 159|0x0000000089f00000, 0x000000008a000000, 0x000000008a000000|100%| E|CS|TAMS 0x0000000089f00000, 0x0000000089f00000| Complete 
| 160|0x000000008a000000, 0x000000008a100000, 0x000000008a100000|100%| E|CS|TAMS 0x000000008a000000, 0x000000008a000000| Complete 
| 161|0x000000008a100000, 0x000000008a200000, 0x000000008a200000|100%| E|CS|TAMS 0x000000008a100000, 0x000000008a100000| Complete 
| 162|0x000000008a200000, 0x000000008a300000, 0x000000008a300000|100%| E|CS|TAMS 0x000000008a200000, 0x000000008a200000| Complete 
| 163|0x000000008a300000, 0x000000008a400000, 0x000000008a400000|100%| E|CS|TAMS 0x000000008a300000, 0x000000008a300000| Complete 
| 164|0x000000008a400000, 0x000000008a500000, 0x000000008a500000|100%| E|CS|TAMS 0x000000008a400000, 0x000000008a400000| Complete 
| 165|0x000000008a500000, 0x000000008a600000, 0x000000008a600000|100%| E|CS|TAMS 0x000000008a500000, 0x000000008a500000| Complete 
| 166|0x000000008a600000, 0x000000008a700000, 0x000000008a700000|100%| E|CS|TAMS 0x000000008a600000, 0x000000008a600000| Complete 
| 167|0x000000008a700000, 0x000000008a800000, 0x000000008a800000|100%| E|CS|TAMS 0x000000008a700000, 0x000000008a700000| Complete 
| 168|0x000000008a800000, 0x000000008a900000, 0x000000008a900000|100%| E|CS|TAMS 0x000000008a800000, 0x000000008a800000| Complete 
| 169|0x000000008a900000, 0x000000008aa00000, 0x000000008aa00000|100%| E|CS|TAMS 0x000000008a900000, 0x000000008a900000| Complete 
| 170|0x000000008aa00000, 0x000000008ab00000, 0x000000008ab00000|100%| E|CS|TAMS 0x000000008aa00000, 0x000000008aa00000| Complete 
| 171|0x000000008ab00000, 0x000000008ac00000, 0x000000008ac00000|100%| E|CS|TAMS 0x000000008ab00000, 0x000000008ab00000| Complete 
| 172|0x000000008ac00000, 0x000000008ad00000, 0x000000008ad00000|100%| E|CS|TAMS 0x000000008ac00000, 0x000000008ac00000| Complete 
| 173|0x000000008ad00000, 0x000000008ae00000, 0x000000008ae00000|100%| E|CS|TAMS 0x000000008ad00000, 0x000000008ad00000| Complete 
| 174|0x000000008ae00000, 0x000000008af00000, 0x000000008af00000|100%| E|CS|TAMS 0x000000008ae00000, 0x000000008ae00000| Complete 
| 175|0x000000008af00000, 0x000000008b000000, 0x000000008b000000|100%| E|CS|TAMS 0x000000008af00000, 0x000000008af00000| Complete 
| 176|0x000000008b000000, 0x000000008b100000, 0x000000008b100000|100%| E|CS|TAMS 0x000000008b000000, 0x000000008b000000| Complete 
| 177|0x000000008b100000, 0x000000008b200000, 0x000000008b200000|100%| E|CS|TAMS 0x000000008b100000, 0x000000008b100000| Complete 
| 178|0x000000008b200000, 0x000000008b300000, 0x000000008b300000|100%| E|CS|TAMS 0x000000008b200000, 0x000000008b200000| Complete 
| 179|0x000000008b300000, 0x000000008b400000, 0x000000008b400000|100%| E|CS|TAMS 0x000000008b300000, 0x000000008b300000| Complete 
| 180|0x000000008b400000, 0x000000008b500000, 0x000000008b500000|100%| E|CS|TAMS 0x000000008b400000, 0x000000008b400000| Complete 
| 181|0x000000008b500000, 0x000000008b600000, 0x000000008b600000|100%| E|CS|TAMS 0x000000008b500000, 0x000000008b500000| Complete 
| 182|0x000000008b600000, 0x000000008b700000, 0x000000008b700000|100%| E|CS|TAMS 0x000000008b600000, 0x000000008b600000| Complete 
| 183|0x000000008b700000, 0x000000008b800000, 0x000000008b800000|100%| E|CS|TAMS 0x000000008b700000, 0x000000008b700000| Complete 
| 184|0x000000008b800000, 0x000000008b900000, 0x000000008b900000|100%| E|CS|TAMS 0x000000008b800000, 0x000000008b800000| Complete 
| 185|0x000000008b900000, 0x000000008ba00000, 0x000000008ba00000|100%| E|CS|TAMS 0x000000008b900000, 0x000000008b900000| Complete 
| 186|0x000000008ba00000, 0x000000008bb00000, 0x000000008bb00000|100%| E|CS|TAMS 0x000000008ba00000, 0x000000008ba00000| Complete 
| 187|0x000000008bb00000, 0x000000008bc00000, 0x000000008bc00000|100%| E|CS|TAMS 0x000000008bb00000, 0x000000008bb00000| Complete 
| 188|0x000000008bc00000, 0x000000008bd00000, 0x000000008bd00000|100%| E|CS|TAMS 0x000000008bc00000, 0x000000008bc00000| Complete 
| 189|0x000000008bd00000, 0x000000008be00000, 0x000000008be00000|100%| E|CS|TAMS 0x000000008bd00000, 0x000000008bd00000| Complete 
| 190|0x000000008be00000, 0x000000008bf00000, 0x000000008bf00000|100%| E|CS|TAMS 0x000000008be00000, 0x000000008be00000| Complete 
| 191|0x000000008bf00000, 0x000000008c000000, 0x000000008c000000|100%| E|CS|TAMS 0x000000008bf00000, 0x000000008bf00000| Complete 
| 192|0x000000008c000000, 0x000000008c100000, 0x000000008c100000|100%| E|CS|TAMS 0x000000008c000000, 0x000000008c000000| Complete 
| 193|0x000000008c100000, 0x000000008c200000, 0x000000008c200000|100%| E|CS|TAMS 0x000000008c100000, 0x000000008c100000| Complete 
| 194|0x000000008c200000, 0x000000008c300000, 0x000000008c300000|100%| E|CS|TAMS 0x000000008c200000, 0x000000008c200000| Complete 
| 195|0x000000008c300000, 0x000000008c400000, 0x000000008c400000|100%| E|CS|TAMS 0x000000008c300000, 0x000000008c300000| Complete 
| 196|0x000000008c400000, 0x000000008c500000, 0x000000008c500000|100%| E|CS|TAMS 0x000000008c400000, 0x000000008c400000| Complete 
| 197|0x000000008c500000, 0x000000008c600000, 0x000000008c600000|100%| E|CS|TAMS 0x000000008c500000, 0x000000008c500000| Complete 
| 198|0x000000008c600000, 0x000000008c700000, 0x000000008c700000|100%| E|CS|TAMS 0x000000008c600000, 0x000000008c600000| Complete 
| 199|0x000000008c700000, 0x000000008c800000, 0x000000008c800000|100%| E|CS|TAMS 0x000000008c700000, 0x000000008c700000| Complete 
| 200|0x000000008c800000, 0x000000008c900000, 0x000000008c900000|100%| E|CS|TAMS 0x000000008c800000, 0x000000008c800000| Complete 
| 201|0x000000008c900000, 0x000000008ca00000, 0x000000008ca00000|100%| E|CS|TAMS 0x000000008c900000, 0x000000008c900000| Complete 
| 202|0x000000008ca00000, 0x000000008cb00000, 0x000000008cb00000|100%| E|CS|TAMS 0x000000008ca00000, 0x000000008ca00000| Complete 
| 203|0x000000008cb00000, 0x000000008cc00000, 0x000000008cc00000|100%| E|CS|TAMS 0x000000008cb00000, 0x000000008cb00000| Complete 
| 204|0x000000008cc00000, 0x000000008cd00000, 0x000000008cd00000|100%| E|CS|TAMS 0x000000008cc00000, 0x000000008cc00000| Complete 
| 205|0x000000008cd00000, 0x000000008ce00000, 0x000000008ce00000|100%| E|CS|TAMS 0x000000008cd00000, 0x000000008cd00000| Complete 
| 206|0x000000008ce00000, 0x000000008cf00000, 0x000000008cf00000|100%| E|CS|TAMS 0x000000008ce00000, 0x000000008ce00000| Complete 
| 207|0x000000008cf00000, 0x000000008d000000, 0x000000008d000000|100%| E|CS|TAMS 0x000000008cf00000, 0x000000008cf00000| Complete 
| 208|0x000000008d000000, 0x000000008d100000, 0x000000008d100000|100%| E|CS|TAMS 0x000000008d000000, 0x000000008d000000| Complete 
| 209|0x000000008d100000, 0x000000008d200000, 0x000000008d200000|100%| E|CS|TAMS 0x000000008d100000, 0x000000008d100000| Complete 
| 210|0x000000008d200000, 0x000000008d300000, 0x000000008d300000|100%| E|CS|TAMS 0x000000008d200000, 0x000000008d200000| Complete 
| 211|0x000000008d300000, 0x000000008d400000, 0x000000008d400000|100%| E|CS|TAMS 0x000000008d300000, 0x000000008d300000| Complete 
| 212|0x000000008d400000, 0x000000008d500000, 0x000000008d500000|100%| E|CS|TAMS 0x000000008d400000, 0x000000008d400000| Complete 
| 213|0x000000008d500000, 0x000000008d600000, 0x000000008d600000|100%| E|CS|TAMS 0x000000008d500000, 0x000000008d500000| Complete 
| 214|0x000000008d600000, 0x000000008d700000, 0x000000008d700000|100%| E|CS|TAMS 0x000000008d600000, 0x000000008d600000| Complete 
| 215|0x000000008d700000, 0x000000008d800000, 0x000000008d800000|100%| E|CS|TAMS 0x000000008d700000, 0x000000008d700000| Complete 
| 216|0x000000008d800000, 0x000000008d900000, 0x000000008d900000|100%| E|CS|TAMS 0x000000008d800000, 0x000000008d800000| Complete 
| 217|0x000000008d900000, 0x000000008da00000, 0x000000008da00000|100%| E|CS|TAMS 0x000000008d900000, 0x000000008d900000| Complete 
| 218|0x000000008da00000, 0x000000008db00000, 0x000000008db00000|100%| E|CS|TAMS 0x000000008da00000, 0x000000008da00000| Complete 
| 219|0x000000008db00000, 0x000000008dc00000, 0x000000008dc00000|100%| E|CS|TAMS 0x000000008db00000, 0x000000008db00000| Complete 
| 220|0x000000008dc00000, 0x000000008dd00000, 0x000000008dd00000|100%| E|CS|TAMS 0x000000008dc00000, 0x000000008dc00000| Complete 
| 221|0x000000008dd00000, 0x000000008de00000, 0x000000008de00000|100%| E|CS|TAMS 0x000000008dd00000, 0x000000008dd00000| Complete 
| 222|0x000000008de00000, 0x000000008df00000, 0x000000008df00000|100%| E|CS|TAMS 0x000000008de00000, 0x000000008de00000| Complete 
| 223|0x000000008df00000, 0x000000008e000000, 0x000000008e000000|100%| E|CS|TAMS 0x000000008df00000, 0x000000008df00000| Complete 
| 224|0x000000008e000000, 0x000000008e100000, 0x000000008e100000|100%| E|CS|TAMS 0x000000008e000000, 0x000000008e000000| Complete 
| 225|0x000000008e100000, 0x000000008e200000, 0x000000008e200000|100%| E|CS|TAMS 0x000000008e100000, 0x000000008e100000| Complete 
| 226|0x000000008e200000, 0x000000008e300000, 0x000000008e300000|100%| E|CS|TAMS 0x000000008e200000, 0x000000008e200000| Complete 
| 227|0x000000008e300000, 0x000000008e400000, 0x000000008e400000|100%| E|CS|TAMS 0x000000008e300000, 0x000000008e300000| Complete 
| 228|0x000000008e400000, 0x000000008e500000, 0x000000008e500000|100%| E|CS|TAMS 0x000000008e400000, 0x000000008e400000| Complete 
| 229|0x000000008e500000, 0x000000008e600000, 0x000000008e600000|100%| E|CS|TAMS 0x000000008e500000, 0x000000008e500000| Complete 
| 230|0x000000008e600000, 0x000000008e700000, 0x000000008e700000|100%| E|CS|TAMS 0x000000008e600000, 0x000000008e600000| Complete 
| 231|0x000000008e700000, 0x000000008e800000, 0x000000008e800000|100%| E|CS|TAMS 0x000000008e700000, 0x000000008e700000| Complete 
| 232|0x000000008e800000, 0x000000008e900000, 0x000000008e900000|100%| E|CS|TAMS 0x000000008e800000, 0x000000008e800000| Complete 
| 233|0x000000008e900000, 0x000000008ea00000, 0x000000008ea00000|100%| E|CS|TAMS 0x000000008e900000, 0x000000008e900000| Complete 
| 234|0x000000008ea00000, 0x000000008eb00000, 0x000000008eb00000|100%| E|CS|TAMS 0x000000008ea00000, 0x000000008ea00000| Complete 
| 235|0x000000008eb00000, 0x000000008ec00000, 0x000000008ec00000|100%| E|CS|TAMS 0x000000008eb00000, 0x000000008eb00000| Complete 
| 236|0x000000008ec00000, 0x000000008ed00000, 0x000000008ed00000|100%| E|CS|TAMS 0x000000008ec00000, 0x000000008ec00000| Complete 
| 237|0x000000008ed00000, 0x000000008ee00000, 0x000000008ee00000|100%| E|CS|TAMS 0x000000008ed00000, 0x000000008ed00000| Complete 
| 238|0x000000008ee00000, 0x000000008ef00000, 0x000000008ef00000|100%| E|CS|TAMS 0x000000008ee00000, 0x000000008ee00000| Complete 
| 239|0x000000008ef00000, 0x000000008f000000, 0x000000008f000000|100%| E|CS|TAMS 0x000000008ef00000, 0x000000008ef00000| Complete 
| 240|0x000000008f000000, 0x000000008f100000, 0x000000008f100000|100%| E|CS|TAMS 0x000000008f000000, 0x000000008f000000| Complete 
| 241|0x000000008f100000, 0x000000008f200000, 0x000000008f200000|100%| E|CS|TAMS 0x000000008f100000, 0x000000008f100000| Complete 
| 242|0x000000008f200000, 0x000000008f300000, 0x000000008f300000|100%| E|CS|TAMS 0x000000008f200000, 0x000000008f200000| Complete 
| 243|0x000000008f300000, 0x000000008f400000, 0x000000008f400000|100%| E|CS|TAMS 0x000000008f300000, 0x000000008f300000| Complete 
| 244|0x000000008f400000, 0x000000008f500000, 0x000000008f500000|100%| E|CS|TAMS 0x000000008f400000, 0x000000008f400000| Complete 
| 245|0x000000008f500000, 0x000000008f600000, 0x000000008f600000|100%| E|CS|TAMS 0x000000008f500000, 0x000000008f500000| Complete 
| 246|0x000000008f600000, 0x000000008f700000, 0x000000008f700000|100%| E|CS|TAMS 0x000000008f600000, 0x000000008f600000| Complete 
| 247|0x000000008f700000, 0x000000008f800000, 0x000000008f800000|100%| E|CS|TAMS 0x000000008f700000, 0x000000008f700000| Complete 
| 248|0x000000008f800000, 0x000000008f900000, 0x000000008f900000|100%| E|CS|TAMS 0x000000008f800000, 0x000000008f800000| Complete 
| 249|0x000000008f900000, 0x000000008fa00000, 0x000000008fa00000|100%| E|CS|TAMS 0x000000008f900000, 0x000000008f900000| Complete 
| 250|0x000000008fa00000, 0x000000008fb00000, 0x000000008fb00000|100%| E|CS|TAMS 0x000000008fa00000, 0x000000008fa00000| Complete 
| 251|0x000000008fb00000, 0x000000008fc00000, 0x000000008fc00000|100%| E|CS|TAMS 0x000000008fb00000, 0x000000008fb00000| Complete 
| 252|0x000000008fc00000, 0x000000008fd00000, 0x000000008fd00000|100%| E|CS|TAMS 0x000000008fc00000, 0x000000008fc00000| Complete 
| 253|0x000000008fd00000, 0x000000008fe00000, 0x000000008fe00000|100%| E|CS|TAMS 0x000000008fd00000, 0x000000008fd00000| Complete 
| 254|0x000000008fe00000, 0x000000008ff00000, 0x000000008ff00000|100%| E|CS|TAMS 0x000000008fe00000, 0x000000008fe00000| Complete 
| 255|0x000000008ff00000, 0x0000000090000000, 0x0000000090000000|100%| E|CS|TAMS 0x000000008ff00000, 0x000000008ff00000| Complete 

Card table byte_map: [0x00000286464a0000,0x00000286468a0000] _byte_map_base: 0x00000286460a0000

Marking Bits (Prev, Next): (CMBitMap*) 0x00000286332b0ba0, (CMBitMap*) 0x00000286332b0b68
 Prev Bits: [0x0000028648ca0000, 0x000002864aca0000)
 Next Bits: [0x0000028646ca0000, 0x0000028648ca0000)

Polling page: 0x0000028631420000

Metaspace:

Usage:
  Non-class:     72.91 MB capacity,    71.53 MB ( 98%) used,     1.15 MB (  2%) free+waste,   241.69 KB ( <1%) overhead. 
      Class:     11.44 MB capacity,    10.68 MB ( 93%) used,   664.93 KB (  6%) free+waste,   112.06 KB ( <1%) overhead. 
       Both:     84.35 MB capacity,    82.21 MB ( 97%) used,     1.79 MB (  2%) free+waste,   353.75 KB ( <1%) overhead. 

Virtual space:
  Non-class space:       74.00 MB reserved,      73.00 MB ( 99%) committed 
      Class space:        1.00 GB reserved,      11.45 MB (  1%) committed 
             Both:        1.07 GB reserved,      84.45 MB (  8%) committed 

Chunk freelists:
   Non-Class:  27.00 KB
       Class:  1.00 KB
        Both:  28.00 KB

MaxMetaspaceSize: 17179869184.00 GB
CompressedClassSpaceSize: 1.00 GB

CodeHeap 'non-profiled nmethods': size=120000Kb used=6078Kb max_used=6078Kb free=113921Kb
 bounds [0x000002863e840000, 0x000002863ee30000, 0x0000028645d70000]
CodeHeap 'profiled nmethods': size=120000Kb used=20901Kb max_used=20901Kb free=99098Kb
 bounds [0x0000028637310000, 0x0000028638780000, 0x000002863e840000]
CodeHeap 'non-nmethods': size=5760Kb used=2282Kb max_used=2334Kb free=3478Kb
 bounds [0x0000028636d70000, 0x0000028636fe0000, 0x0000028637310000]
 total_blobs=10595 nmethods=9714 adapters=792
 compilation: enabled
              stopped_count=0, restarted_count=0
 full_count=0

Compilation events (20 events):
Event: 22.356 Thread 0x000002864dfc7800 9785 %     3       com.android.utils.XmlUtils::toXmlTextValue @ 7 (65 bytes)
Event: 22.358 Thread 0x000002864dfc7800 nmethod 9785% 0x0000028638767290 code [0x0000028638767580, 0x00000286387685b8]
Event: 22.360 Thread 0x000002864dfc7800 9786       3       com.android.utils.XmlUtils::toXmlTextValue (65 bytes)
Event: 22.362 Thread 0x000002864dfc7800 nmethod 9786 0x0000028638768c90 code [0x0000028638768f80, 0x0000028638769f38]
Event: 22.368 Thread 0x000002864dfc7800 9788 %     3       com.google.common.base.CharMatcher::countIn @ 4 (39 bytes)
Event: 22.369 Thread 0x000002864dfc7800 nmethod 9788% 0x000002863876a610 code [0x000002863876a800, 0x000002863876ace8]
Event: 22.375 Thread 0x000002864dfc7800 9793       3       com.google.common.base.CharMatcher::countIn (39 bytes)
Event: 22.376 Thread 0x000002864dfc7800 nmethod 9793 0x000002863876ae90 code [0x000002863876b080, 0x000002863876b4e8]
Event: 22.376 Thread 0x0000028651638800 nmethod 9784 0x000002863ee24c10 code [0x000002863ee24de0, 0x000002863ee25418]
Event: 22.376 Thread 0x0000028651638800 9790       4       org.apache.xerces.dom.ParentNode::nodeListItem (243 bytes)
Event: 22.376 Thread 0x000002864dfc7800 9794 %     2       com.android.utils.XmlUtils::toXmlAttributeValue @ 7 (89 bytes)
Event: 22.378 Thread 0x000002864dfc7800 nmethod 9794% 0x000002863876b610 code [0x000002863876b840, 0x000002863876be98]
Event: 22.382 Thread 0x0000028653f96000 nmethod 9618% 0x000002863ee25710 code [0x000002863ee25a20, 0x000002863ee280b0]
Event: 22.382 Thread 0x0000028653f96000 9795       4       com.android.utils.XmlUtils::toXmlAttributeValue (89 bytes)
Event: 22.395 Thread 0x0000028651638800 nmethod 9790 0x000002863ee2a290 code [0x000002863ee2a440, 0x000002863ee2aa58]
Event: 22.395 Thread 0x0000028651638800 9789       4       org.apache.xerces.dom.ParentNode::item (6 bytes)
Event: 22.398 Thread 0x0000028653f96000 nmethod 9795 0x000002863ee2ad10 code [0x000002863ee2aee0, 0x000002863ee2b518]
Event: 22.398 Thread 0x0000028653f96000 9791       4       com.android.utils.XmlUtils::toXmlTextValue (65 bytes)
Event: 22.407 Thread 0x0000028653f96000 nmethod 9791 0x000002863ee2b810 code [0x000002863ee2b9a0, 0x000002863ee2bc98]
Event: 22.407 Thread 0x0000028653f96000 9803       4       com.google.common.base.CharMatcher::countIn (39 bytes)

GC Heap History (18 events):
Event: 0.979 GC heap before
{Heap before GC invocations=0 (full 0):
 garbage-first heap   total 262144K, used 29696K [0x0000000080000000, 0x0000000100000000)
  region size 1024K, 24 young (24576K), 0 survivors (0K)
 Metaspace       used 9876K, capacity 10114K, committed 10368K, reserved 1058816K
  class space    used 1028K, capacity 1102K, committed 1152K, reserved 1048576K
}
Event: 0.986 GC heap after
{Heap after GC invocations=1 (full 0):
 garbage-first heap   total 262144K, used 9674K [0x0000000080000000, 0x0000000100000000)
  region size 1024K, 3 young (3072K), 3 survivors (3072K)
 Metaspace       used 9876K, capacity 10114K, committed 10368K, reserved 1058816K
  class space    used 1028K, capacity 1102K, committed 1152K, reserved 1048576K
}
Event: 3.438 GC heap before
{Heap before GC invocations=1 (full 0):
 garbage-first heap   total 262144K, used 107978K [0x0000000080000000, 0x0000000100000000)
  region size 1024K, 100 young (102400K), 3 survivors (3072K)
 Metaspace       used 20695K, capacity 21075K, committed 21248K, reserved 1067008K
  class space    used 2540K, capacity 2693K, committed 2816K, reserved 1048576K
}
Event: 3.452 GC heap after
{Heap after GC invocations=2 (full 0):
 garbage-first heap   total 262144K, used 16862K [0x0000000080000000, 0x0000000100000000)
  region size 1024K, 11 young (11264K), 11 survivors (11264K)
 Metaspace       used 20695K, capacity 21075K, committed 21248K, reserved 1067008K
  class space    used 2540K, capacity 2693K, committed 2816K, reserved 1048576K
}
Event: 4.301 GC heap before
{Heap before GC invocations=3 (full 0):
 garbage-first heap   total 262144K, used 82398K [0x0000000080000000, 0x0000000100000000)
  region size 1024K, 75 young (76800K), 11 survivors (11264K)
 Metaspace       used 26808K, capacity 27371K, committed 27648K, reserved 1073152K
  class space    used 3532K, capacity 3737K, committed 3840K, reserved 1048576K
}
Event: 4.312 GC heap after
{Heap after GC invocations=4 (full 0):
 garbage-first heap   total 262144K, used 19202K [0x0000000080000000, 0x0000000100000000)
  region size 1024K, 3 young (3072K), 3 survivors (3072K)
 Metaspace       used 26808K, capacity 27371K, committed 27648K, reserved 1073152K
  class space    used 3532K, capacity 3737K, committed 3840K, reserved 1048576K
}
Event: 5.383 GC heap before
{Heap before GC invocations=4 (full 0):
 garbage-first heap   total 262144K, used 67330K [0x0000000080000000, 0x0000000100000000)
  region size 1024K, 51 young (52224K), 3 survivors (3072K)
 Metaspace       used 35033K, capacity 35786K, committed 35840K, reserved 1081344K
  class space    used 4555K, capacity 4863K, committed 4864K, reserved 1048576K
}
Event: 5.396 GC heap after
{Heap after GC invocations=5 (full 0):
 garbage-first heap   total 262144K, used 22331K [0x0000000080000000, 0x0000000100000000)
  region size 1024K, 6 young (6144K), 6 survivors (6144K)
 Metaspace       used 35033K, capacity 35786K, committed 35840K, reserved 1081344K
  class space    used 4555K, capacity 4863K, committed 4864K, reserved 1048576K
}
Event: 7.312 GC heap before
{Heap before GC invocations=6 (full 0):
 garbage-first heap   total 262144K, used 141115K [0x0000000080000000, 0x0000000100000000)
  region size 1024K, 119 young (121856K), 6 survivors (6144K)
 Metaspace       used 44565K, capacity 45591K, committed 45900K, reserved 1089536K
  class space    used 5718K, capacity 6091K, committed 6220K, reserved 1048576K
}
Event: 7.332 GC heap after
{Heap after GC invocations=7 (full 0):
 garbage-first heap   total 262144K, used 29242K [0x0000000080000000, 0x0000000100000000)
  region size 1024K, 13 young (13312K), 13 survivors (13312K)
 Metaspace       used 44565K, capacity 45591K, committed 45900K, reserved 1089536K
  class space    used 5718K, capacity 6091K, committed 6220K, reserved 1048576K
}
Event: 10.074 GC heap before
{Heap before GC invocations=7 (full 0):
 garbage-first heap   total 262144K, used 164410K [0x0000000080000000, 0x0000000100000000)
  region size 1024K, 141 young (144384K), 13 survivors (13312K)
 Metaspace       used 53678K, capacity 55034K, committed 55244K, reserved 1097728K
  class space    used 6849K, capacity 7347K, committed 7372K, reserved 1048576K
}
Event: 10.100 GC heap after
{Heap after GC invocations=8 (full 0):
 garbage-first heap   total 262144K, used 44662K [0x0000000080000000, 0x0000000100000000)
  region size 1024K, 18 young (18432K), 18 survivors (18432K)
 Metaspace       used 53678K, capacity 55034K, committed 55244K, reserved 1097728K
  class space    used 6849K, capacity 7347K, committed 7372K, reserved 1048576K
}
Event: 11.366 GC heap before
{Heap before GC invocations=8 (full 0):
 garbage-first heap   total 262144K, used 76406K [0x0000000080000000, 0x0000000100000000)
  region size 1024K, 50 young (51200K), 18 survivors (18432K)
 Metaspace       used 58570K, capacity 60041K, committed 60236K, reserved 1101824K
  class space    used 7453K, capacity 7989K, committed 8012K, reserved 1048576K
}
Event: 11.392 GC heap after
{Heap after GC invocations=9 (full 0):
 garbage-first heap   total 262144K, used 46823K [0x0000000080000000, 0x0000000100000000)
  region size 1024K, 13 young (13312K), 13 survivors (13312K)
 Metaspace       used 58570K, capacity 60041K, committed 60236K, reserved 1101824K
  class space    used 7453K, capacity 7989K, committed 8012K, reserved 1048576K
}
Event: 15.272 GC heap before
{Heap before GC invocations=10 (full 0):
 garbage-first heap   total 262144K, used 190183K [0x0000000080000000, 0x0000000100000000)
  region size 1024K, 153 young (156672K), 13 survivors (13312K)
 Metaspace       used 70151K, capacity 71808K, committed 72012K, reserved 1112064K
  class space    used 9114K, capacity 9736K, committed 9804K, reserved 1048576K
}
Event: 15.297 GC heap after
{Heap after GC invocations=11 (full 0):
 garbage-first heap   total 262144K, used 57501K [0x0000000080000000, 0x0000000100000000)
  region size 1024K, 13 young (13312K), 13 survivors (13312K)
 Metaspace       used 70151K, capacity 71808K, committed 72012K, reserved 1112064K
  class space    used 9114K, capacity 9736K, committed 9804K, reserved 1048576K
}
Event: 19.707 GC heap before
{Heap before GC invocations=11 (full 0):
 garbage-first heap   total 262144K, used 194717K [0x0000000080000000, 0x0000000100000000)
  region size 1024K, 148 young (151552K), 13 survivors (13312K)
 Metaspace       used 81242K, capacity 83341K, committed 83404K, reserved 1122304K
  class space    used 10668K, capacity 11462K, committed 11468K, reserved 1048576K
}
Event: 19.738 GC heap after
{Heap after GC invocations=12 (full 0):
 garbage-first heap   total 262144K, used 65706K [0x0000000080000000, 0x0000000100000000)
  region size 1024K, 9 young (9216K), 9 survivors (9216K)
 Metaspace       used 81242K, capacity 83341K, committed 83404K, reserved 1122304K
  class space    used 10668K, capacity 11462K, committed 11468K, reserved 1048576K
}

Deoptimization events (20 events):
Event: 22.376 Thread 0x00000286541a1000 Uncommon trap: trap_request=0xffffffbe fr.pc=0x000002863ee253a4 relative=0x00000000000005c4
Event: 22.376 Thread 0x00000286541a1000 Uncommon trap: reason=profile_predicate action=maybe_recompile pc=0x000002863ee253a4 method=com.android.utils.XmlUtils.toXmlAttributeValue(Ljava/lang/String;)Ljava/lang/String; @ 9 c2
Event: 22.376 Thread 0x00000286541a1000 DEOPT PACKING pc=0x000002863ee253a4 sp=0x000000d340df9a50
Event: 22.376 Thread 0x00000286541a1000 DEOPT UNPACKING pc=0x0000028636d9662f sp=0x000000d340df99f0 mode 2
Event: 22.407 Thread 0x00000286541a1000 Uncommon trap: trap_request=0xffffffbe fr.pc=0x000002863ee2bc60 relative=0x00000000000002c0
Event: 22.407 Thread 0x00000286541a1000 Uncommon trap: reason=profile_predicate action=maybe_recompile pc=0x000002863ee2bc60 method=com.android.utils.XmlUtils.toXmlTextValue(Ljava/lang/String;)Ljava/lang/String; @ 9 c2
Event: 22.407 Thread 0x00000286541a1000 DEOPT PACKING pc=0x000002863ee2bc60 sp=0x000000d340df98c0
Event: 22.407 Thread 0x00000286541a1000 DEOPT UNPACKING pc=0x0000028636d9662f sp=0x000000d340df9840 mode 2
Event: 22.407 Thread 0x00000286541a1000 Uncommon trap: trap_request=0xffffffbe fr.pc=0x000002863ee2bc60 relative=0x00000000000002c0
Event: 22.407 Thread 0x00000286541a1000 Uncommon trap: reason=profile_predicate action=maybe_recompile pc=0x000002863ee2bc60 method=com.android.utils.XmlUtils.toXmlTextValue(Ljava/lang/String;)Ljava/lang/String; @ 9 c2
Event: 22.407 Thread 0x00000286541a1000 DEOPT PACKING pc=0x000002863ee2bc60 sp=0x000000d340df98c0
Event: 22.407 Thread 0x00000286541a1000 DEOPT UNPACKING pc=0x0000028636d9662f sp=0x000000d340df9840 mode 2
Event: 22.407 Thread 0x00000286541a1000 Uncommon trap: trap_request=0xffffffbe fr.pc=0x000002863ee2bc60 relative=0x00000000000002c0
Event: 22.407 Thread 0x00000286541a1000 Uncommon trap: reason=profile_predicate action=maybe_recompile pc=0x000002863ee2bc60 method=com.android.utils.XmlUtils.toXmlTextValue(Ljava/lang/String;)Ljava/lang/String; @ 9 c2
Event: 22.407 Thread 0x00000286541a1000 DEOPT PACKING pc=0x000002863ee2bc60 sp=0x000000d340df98c0
Event: 22.407 Thread 0x00000286541a1000 DEOPT UNPACKING pc=0x0000028636d9662f sp=0x000000d340df9840 mode 2
Event: 22.407 Thread 0x00000286541a1000 Uncommon trap: trap_request=0xffffffbe fr.pc=0x000002863ee2bc60 relative=0x00000000000002c0
Event: 22.407 Thread 0x00000286541a1000 Uncommon trap: reason=profile_predicate action=maybe_recompile pc=0x000002863ee2bc60 method=com.android.utils.XmlUtils.toXmlTextValue(Ljava/lang/String;)Ljava/lang/String; @ 9 c2
Event: 22.407 Thread 0x00000286541a1000 DEOPT PACKING pc=0x000002863ee2bc60 sp=0x000000d340df98c0
Event: 22.407 Thread 0x00000286541a1000 DEOPT UNPACKING pc=0x0000028636d9662f sp=0x000000d340df9840 mode 2

Classes redefined (0 events):
No events

Internal exceptions (20 events):
Event: 19.107 Thread 0x00000286541a9000 Exception <a 'java/lang/NoSuchMethodError'{0x0000000089c6f858}: 'void java.lang.invoke.DirectMethodHandle$Holder.invokeStatic(java.lang.Object, java.lang.Object, java.lang.Object, java.lang.Object, int, java.lang.Object, java.lang.Object)'> (0x0000000089c6f858) thrown at [./src/hotspot/share/interpreter/linkResolver.cpp, line 773]
Event: 19.153 Thread 0x0000028651785800 Exception <a 'java/lang/NoSuchMethodError'{0x0000000089513fd8}: 'java.lang.Object java.lang.invoke.DirectMethodHandle$Holder.invokeSpecialIFC(java.lang.Object, java.lang.Object, java.lang.Object)'> (0x0000000089513fd8) thrown at [./src/hotspot/share/interpreter/linkResolver.cpp, line 773]
Event: 19.232 Thread 0x0000028654a16800 Exception <a 'java/lang/NoSuchMethodError'{0x0000000089068910}: 'int java.lang.invoke.DirectMethodHandle$Holder.invokeStaticInit(java.lang.Object, java.lang.Object, java.lang.Object, java.lang.Object, java.lang.Object)'> (0x0000000089068910) thrown at [./src/hotspot/share/interpreter/linkResolver.cpp, line 773]
Event: 20.045 Thread 0x00000286541a9000 Exception <a 'java/lang/NoSuchMethodError'{0x000000008f3de420}: <clinit>> (0x000000008f3de420) thrown at [./src/hotspot/share/prims/jni.cpp, line 1362]
Event: 22.194 Thread 0x00000286541a1000 Exception <a 'java/lang/NoSuchMethodError'{0x0000000089859068}: <clinit>> (0x0000000089859068) thrown at [./src/hotspot/share/prims/jni.cpp, line 1362]
Event: 22.195 Thread 0x00000286541a1000 Exception <a 'java/lang/NoSuchMethodError'{0x00000000898695b8}: <clinit>> (0x00000000898695b8) thrown at [./src/hotspot/share/prims/jni.cpp, line 1362]
Event: 22.202 Thread 0x00000286541a1000 Exception <a 'java/lang/NoSuchMethodError'{0x00000000898d9af0}: <clinit>> (0x00000000898d9af0) thrown at [./src/hotspot/share/prims/jni.cpp, line 1362]
Event: 22.202 Thread 0x00000286541a1000 Exception <a 'java/lang/NoSuchMethodError'{0x00000000898dc6b8}: <clinit>> (0x00000000898dc6b8) thrown at [./src/hotspot/share/prims/jni.cpp, line 1362]
Event: 22.203 Thread 0x00000286541a1000 Exception <a 'java/lang/NoSuchMethodError'{0x00000000898e12d8}: <clinit>> (0x00000000898e12d8) thrown at [./src/hotspot/share/prims/jni.cpp, line 1362]
Event: 22.203 Thread 0x00000286541a1000 Exception <a 'java/lang/NoSuchMethodError'{0x00000000898eca78}: <clinit>> (0x00000000898eca78) thrown at [./src/hotspot/share/prims/jni.cpp, line 1362]
Event: 22.213 Thread 0x00000286541a1000 Exception <a 'java/lang/NoSuchMethodError'{0x00000000897616e0}: <clinit>> (0x00000000897616e0) thrown at [./src/hotspot/share/prims/jni.cpp, line 1362]
Event: 22.216 Thread 0x00000286541a1000 Exception <a 'java/lang/NoSuchMethodError'{0x0000000089797eb8}: <clinit>> (0x0000000089797eb8) thrown at [./src/hotspot/share/prims/jni.cpp, line 1362]
Event: 22.217 Thread 0x00000286541a1000 Exception <a 'java/lang/NoSuchMethodError'{0x000000008979b320}: <clinit>> (0x000000008979b320) thrown at [./src/hotspot/share/prims/jni.cpp, line 1362]
Event: 22.217 Thread 0x00000286541a1000 Exception <a 'java/lang/NoSuchMethodError'{0x000000008979df90}: <clinit>> (0x000000008979df90) thrown at [./src/hotspot/share/prims/jni.cpp, line 1362]
Event: 22.218 Thread 0x00000286541a1000 Exception <a 'java/lang/NoSuchMethodError'{0x00000000897b6428}: <clinit>> (0x00000000897b6428) thrown at [./src/hotspot/share/prims/jni.cpp, line 1362]
Event: 22.219 Thread 0x00000286541a1000 Exception <a 'java/lang/NoSuchMethodError'{0x00000000897cdbe8}: <clinit>> (0x00000000897cdbe8) thrown at [./src/hotspot/share/prims/jni.cpp, line 1362]
Event: 22.221 Thread 0x00000286541a1000 Exception <a 'java/lang/NoSuchMethodError'{0x00000000897e2918}: <clinit>> (0x00000000897e2918) thrown at [./src/hotspot/share/prims/jni.cpp, line 1362]
Event: 22.223 Thread 0x00000286541a1000 Exception <a 'java/lang/NoSuchMethodError'{0x0000000089605da8}: <clinit>> (0x0000000089605da8) thrown at [./src/hotspot/share/prims/jni.cpp, line 1362]
Event: 22.225 Thread 0x00000286541a1000 Exception <a 'java/lang/NoSuchMethodError'{0x000000008962b5e8}: <clinit>> (0x000000008962b5e8) thrown at [./src/hotspot/share/prims/jni.cpp, line 1362]
Event: 22.227 Thread 0x00000286541a1000 Exception <a 'java/lang/NoSuchMethodError'{0x000000008963fe08}: <clinit>> (0x000000008963fe08) thrown at [./src/hotspot/share/prims/jni.cpp, line 1362]

Events (20 events):
Event: 22.280 loading class org/apache/xerces/dom/CoreDOMImplementationImpl
Event: 22.280 loading class org/apache/xerces/dom/CoreDOMImplementationImpl done
Event: 22.281 loading class org/w3c/dom/ls/DOMImplementationLS
Event: 22.281 loading class org/w3c/dom/ls/DOMImplementationLS done
Event: 22.282 loading class org/w3c/dom/ls/LSOutput
Event: 22.282 loading class org/w3c/dom/ls/LSOutput done
Event: 22.283 loading class org/w3c/dom/ls/LSInput
Event: 22.283 loading class org/w3c/dom/ls/LSInput done
Event: 22.283 loading class org/w3c/dom/ls/LSParser
Event: 22.283 loading class org/w3c/dom/ls/LSParser done
Event: 22.283 loading class org/w3c/dom/ls/LSSerializer
Event: 22.283 loading class org/w3c/dom/ls/LSSerializer done
Event: 22.284 loading class org/apache/xerces/dom/DeferredDOMImplementationImpl
Event: 22.284 loading class org/apache/xerces/dom/DeferredDOMImplementationImpl done
Event: 22.324 loading class com/android/utils/XmlUtils$PositionAwareStringBuilder
Event: 22.324 loading class com/android/utils/XmlUtils$PositionAwareStringBuilder done
Event: 22.327 loading class com/google/common/base/Objects
Event: 22.327 loading class com/google/common/base/Objects done
Event: 22.327 loading class com/google/common/base/ExtraObjectsMethodsForWeb
Event: 22.327 loading class com/google/common/base/ExtraObjectsMethodsForWeb done


Dynamic libraries:
0x00007ff729c10000 - 0x00007ff729c1a000 	C:\Program Files\Android\Android Studio\jre\bin\java.exe
0x00007ffc33750000 - 0x00007ffc33945000 	C:\WINDOWS\SYSTEM32\ntdll.dll
0x00007ffc322c0000 - 0x00007ffc3237e000 	C:\WINDOWS\System32\KERNEL32.DLL
0x00007ffc313f0000 - 0x00007ffc316b8000 	C:\WINDOWS\System32\KERNELBASE.dll
0x00007ffc31180000 - 0x00007ffc31280000 	C:\WINDOWS\System32\ucrtbase.dll
0x00007ffc1b960000 - 0x00007ffc1b979000 	C:\Program Files\Android\Android Studio\jre\bin\jli.dll
0x00007ffc123f0000 - 0x00007ffc12407000 	C:\Program Files\Android\Android Studio\jre\bin\VCRUNTIME140.dll
0x00007ffc31970000 - 0x00007ffc31b10000 	C:\WINDOWS\System32\USER32.dll
0x00007ffc31280000 - 0x00007ffc312a2000 	C:\WINDOWS\System32\win32u.dll
0x00007ffc1f300000 - 0x00007ffc1f59a000 	C:\WINDOWS\WinSxS\amd64_microsoft.windows.common-controls_6595b64144ccf1df_6.0.19041.1110_none_60b5254171f9507e\COMCTL32.dll
0x00007ffc32160000 - 0x00007ffc3218a000 	C:\WINDOWS\System32\GDI32.dll
0x00007ffc32380000 - 0x00007ffc3241e000 	C:\WINDOWS\System32\msvcrt.dll
0x00007ffc31070000 - 0x00007ffc3117b000 	C:\WINDOWS\System32\gdi32full.dll
0x00007ffc30e70000 - 0x00007ffc30f0d000 	C:\WINDOWS\System32\msvcp_win.dll
0x00007ffc31cc0000 - 0x00007ffc31cf0000 	C:\WINDOWS\System32\IMM32.DLL
0x00007ffc12350000 - 0x00007ffc123ed000 	C:\Program Files\Android\Android Studio\jre\bin\msvcp140.dll
0x00007ffc02290000 - 0x00007ffc02d65000 	C:\Program Files\Android\Android Studio\jre\bin\server\jvm.dll
0x00007ffc317c0000 - 0x00007ffc3186e000 	C:\WINDOWS\System32\ADVAPI32.dll
0x00007ffc31870000 - 0x00007ffc3190c000 	C:\WINDOWS\System32\sechost.dll
0x00007ffc33580000 - 0x00007ffc336a5000 	C:\WINDOWS\System32\RPCRT4.dll
0x00007ffc32570000 - 0x00007ffc32578000 	C:\WINDOWS\System32\PSAPI.DLL
0x00007ffc1b2a0000 - 0x00007ffc1b2a9000 	C:\WINDOWS\SYSTEM32\WSOCK32.dll
0x00007ffc1f780000 - 0x00007ffc1f7a7000 	C:\WINDOWS\SYSTEM32\WINMM.dll
0x00007ffc28cc0000 - 0x00007ffc28cca000 	C:\WINDOWS\SYSTEM32\VERSION.dll
0x00007ffc32ab0000 - 0x00007ffc32b1b000 	C:\WINDOWS\System32\WS2_32.dll
0x00007ffc2f720000 - 0x00007ffc2f732000 	C:\WINDOWS\SYSTEM32\kernel.appcore.dll
0x00007ffc2aaa0000 - 0x00007ffc2aab1000 	C:\Program Files\Android\Android Studio\jre\bin\verify.dll
0x00007ffc2ec90000 - 0x00007ffc2ee74000 	C:\WINDOWS\SYSTEM32\DBGHELP.DLL
0x00007ffc1c740000 - 0x00007ffc1c76c000 	C:\WINDOWS\SYSTEM32\dbgcore.DLL
0x00007ffc31360000 - 0x00007ffc313e2000 	C:\WINDOWS\System32\bcryptPrimitives.dll
0x00007ffc2a400000 - 0x00007ffc2a429000 	C:\Program Files\Android\Android Studio\jre\bin\java.dll
0x00007ffc2d410000 - 0x00007ffc2d41b000 	C:\Program Files\Android\Android Studio\jre\bin\jimage.dll
0x00007ffc29820000 - 0x00007ffc29838000 	C:\Program Files\Android\Android Studio\jre\bin\zip.dll
0x00007ffc32c10000 - 0x00007ffc33354000 	C:\WINDOWS\System32\SHELL32.dll
0x00007ffc2ef70000 - 0x00007ffc2f704000 	C:\WINDOWS\SYSTEM32\windows.storage.dll
0x00007ffc32630000 - 0x00007ffc32984000 	C:\WINDOWS\System32\combase.dll
0x00007ffc308e0000 - 0x00007ffc3090c000 	C:\WINDOWS\SYSTEM32\Wldp.dll
0x00007ffc32580000 - 0x00007ffc3262d000 	C:\WINDOWS\System32\SHCORE.dll
0x00007ffc336b0000 - 0x00007ffc33705000 	C:\WINDOWS\System32\shlwapi.dll
0x00007ffc30db0000 - 0x00007ffc30dcf000 	C:\WINDOWS\SYSTEM32\profapi.dll
0x00007ffc27e90000 - 0x00007ffc27eaa000 	C:\Program Files\Android\Android Studio\jre\bin\net.dll
0x00007ffc1fff0000 - 0x00007ffc200fa000 	C:\WINDOWS\SYSTEM32\WINHTTP.dll
0x00007ffc30640000 - 0x00007ffc306aa000 	C:\WINDOWS\system32\mswsock.dll
0x00007ffc27e70000 - 0x00007ffc27e84000 	C:\Program Files\Android\Android Studio\jre\bin\nio.dll
0x00007ffc10970000 - 0x00007ffc10997000 	C:\Users\Lino\.gradle\native\e1d6ef7f7dcc3fd88c89a11ec53ec762bb8ba0a96d01ffa2cd45eb1d1d8dd5c5\windows-amd64\native-platform.dll
0x00007ffc01f90000 - 0x00007ffc020d4000 	C:\Users\Lino\.gradle\native\5664cfc778a61ccfe75a443a1ab52a65af34e5dc3c78e0209fed803814484fcb\windows-amd64\native-platform-file-events.dll
0x00007ffc2aa90000 - 0x00007ffc2aa9a000 	C:\Program Files\Android\Android Studio\jre\bin\management.dll
0x00007ffc299a0000 - 0x00007ffc299ad000 	C:\Program Files\Android\Android Studio\jre\bin\management_ext.dll
0x00007ffc30830000 - 0x00007ffc30848000 	C:\WINDOWS\SYSTEM32\CRYPTSP.dll
0x00007ffc2ff50000 - 0x00007ffc2ff84000 	C:\WINDOWS\system32\rsaenh.dll
0x00007ffc31710000 - 0x00007ffc31737000 	C:\WINDOWS\System32\bcrypt.dll
0x00007ffc30d70000 - 0x00007ffc30d9e000 	C:\WINDOWS\SYSTEM32\USERENV.dll
0x00007ffc30850000 - 0x00007ffc3085c000 	C:\WINDOWS\SYSTEM32\CRYPTBASE.dll
0x00007ffc302e0000 - 0x00007ffc3031b000 	C:\WINDOWS\SYSTEM32\IPHLPAPI.DLL
0x00007ffc333c0000 - 0x00007ffc333c8000 	C:\WINDOWS\System32\NSI.dll
0x00007ffc27eb0000 - 0x00007ffc27ec7000 	C:\WINDOWS\SYSTEM32\dhcpcsvc6.DLL
0x00007ffc26af0000 - 0x00007ffc26b0d000 	C:\WINDOWS\SYSTEM32\dhcpcsvc.DLL
0x00007ffc30320000 - 0x00007ffc303eb000 	C:\WINDOWS\SYSTEM32\DNSAPI.dll

dbghelp: loaded successfully - version: 4.0.5 - missing functions: none
symbol engine: initialized successfully - sym options: 0x614 - pdb path: .;C:\Program Files\Android\Android Studio\jre\bin;C:\WINDOWS\SYSTEM32;C:\WINDOWS\WinSxS\amd64_microsoft.windows.common-controls_6595b64144ccf1df_6.0.19041.1110_none_60b5254171f9507e;C:\Program Files\Android\Android Studio\jre\bin\server;C:\Users\Lino\.gradle\native\e1d6ef7f7dcc3fd88c89a11ec53ec762bb8ba0a96d01ffa2cd45eb1d1d8dd5c5\windows-amd64;C:\Users\Lino\.gradle\native\5664cfc778a61ccfe75a443a1ab52a65af34e5dc3c78e0209fed803814484fcb\windows-amd64

VM Arguments:
jvm_args: --add-opens=java.base/java.util=ALL-UNNAMED --add-opens=java.base/java.lang=ALL-UNNAMED --add-opens=java.base/java.lang.invoke=ALL-UNNAMED --add-opens=java.base/java.util=ALL-UNNAMED --add-opens=java.prefs/java.util.prefs=ALL-UNNAMED --add-opens=java.prefs/java.util.prefs=ALL-UNNAMED --add-opens=java.base/java.nio.charset=ALL-UNNAMED --add-opens=java.base/java.net=ALL-UNNAMED --add-opens=java.base/java.util.concurrent.atomic=ALL-UNNAMED -Xmx2048m -Dfile.encoding=UTF-8 -Duser.country=US -Duser.language=en -Duser.variant 
java_command: org.gradle.launcher.daemon.bootstrap.GradleDaemon 7.2
java_class_path (initial): C:\Users\Lino\.gradle\wrapper\dists\gradle-7.2-bin\2dnblmf4td7x66yl1d74lt32g\gradle-7.2\lib\gradle-launcher-7.2.jar
Launcher Type: SUN_STANDARD

[Global flags]
     intx CICompilerCount                          = 4                                         {product} {ergonomic}
     uint ConcGCThreads                            = 2                                         {product} {ergonomic}
     uint G1ConcRefinementThreads                  = 8                                         {product} {ergonomic}
   size_t G1HeapRegionSize                         = 1048576                                   {product} {ergonomic}
    uintx GCDrainStackTargetSize                   = 64                                        {product} {ergonomic}
   size_t InitialHeapSize                          = 268435456                                 {product} {ergonomic}
   size_t MarkStackSize                            = 4194304                                   {product} {ergonomic}
   size_t MaxHeapSize                              = 2147483648                                {product} {command line}
   size_t MaxNewSize                               = 1287651328                                {product} {ergonomic}
   size_t MinHeapDeltaBytes                        = 1048576                                   {product} {ergonomic}
    uintx NonNMethodCodeHeapSize                   = 5836300                                {pd product} {ergonomic}
    uintx NonProfiledCodeHeapSize                  = 122910970                              {pd product} {ergonomic}
    uintx ProfiledCodeHeapSize                     = 122910970                              {pd product} {ergonomic}
    uintx ReservedCodeCacheSize                    = 251658240                              {pd product} {ergonomic}
     bool SegmentedCodeCache                       = true                                      {product} {ergonomic}
     bool UseCompressedClassPointers               = true                                 {lp64_product} {ergonomic}
     bool UseCompressedOops                        = true                                 {lp64_product} {ergonomic}
     bool UseG1GC                                  = true                                      {product} {ergonomic}
     bool UseLargePagesIndividualAllocation        = false                                  {pd product} {ergonomic}

Logging:
Log output configuration:
 #0: stdout all=warning uptime,level,tags
 #1: stderr all=off uptime,level,tags

Environment Variables:
JAVA_HOME=C:\Program Files\Java\jdk-11.0.13\bin
PATH=C:\Program Files\Common Files\Oracle\Java\javapath;C:\Program Files\Microsoft MPI\Bin\;C:\WINDOWS\system32;C:\WINDOWS;C:\WINDOWS\System32\Wbem;C:\WINDOWS\System32\WindowsPowerShell\v1.0\;C:\WINDOWS\System32\OpenSSH\;C:\Program Files (x86)\Microsoft SQL Server\150\Tools\Binn\;C:\Program Files\Microsoft SQL Server\150\Tools\Binn\;C:\Program Files (x86)\Microsoft SQL Server\150\DTS\Binn\;C:\Program Files\Microsoft SQL Server\150\DTS\Binn\;C:\Program Files\Microsoft SQL Server\Client SDK\ODBC\170\Tools\Binn\;C:\Program Files\Azure Data Studio\bin;C:\Program Files\dotnet\;C:\Program Files\Microsoft SQL Server\130\Tools\Binn\;C:\Program Files (x86)\dotnet\;C:\Program Files\Git\cmd;C:\Users\Lino\AppData\Local\Programs\Python\Python39;C:\Users\Lino\AppData\Local\Programs\Python\Python39\Scripts;C:\Users\Lino\AppData\Local\Programs\Python\Python39\Scripts\;C:\Users\Lino\AppData\Local\Programs\Python\Python39\;C:\Users\Lino\AppData\Local\Microsoft\WindowsApps;C:\Program Files\Azure Data Studio\bin;C:\Users\Lino\.dotnet\tools;C:\Program Files\JetBrains\PyCharm Community Edition 2021.1.2\bin;;C:\Program Files\Java\jdk-11.0.13\bin;C:\Program Files\sqlite;;C:\Users\Lino\AppData\Local\Programs\Microsoft VS Code\bin
USERNAME=Lino
OS=Windows_NT
PROCESSOR_IDENTIFIER=Intel64 Family 6 Model 142 Stepping 10, GenuineIntel



---------------  S Y S T E M  ---------------

OS: Windows 10 , 64 bit Build 19041 (10.0.19041.1645)
OS uptime: 0 days 6:28 hours

CPU:total 8 (initial active 8) (4 cores per cpu, 2 threads per core) family 6 model 142 stepping 10 microcode 0xd6, cmov, cx8, fxsr, mmx, sse, sse2, sse3, ssse3, sse4.1, sse4.2, popcnt, avx, avx2, aes, clmul, erms, 3dnowpref, lzcnt, ht, tsc, tscinvbit, bmi1, bmi2, adx, fma

Memory: 4k page, system-wide physical 16258M (1868M free)
TotalPageFile size 65410M (AvailPageFile size 11M)
current process WorkingSet (physical memory assigned to process): 484M, peak: 490M
current process commit charge ("private bytes"): 549M, peak: 566M

vm_info: OpenJDK 64-Bit Server VM (11.0.11+9-b60-7590822) for windows-amd64 JRE (11.0.11+9-b60-7590822), built on Jul 29 2021 21:43:44 by "builder" with MS VC++ 14.0 (VS2015)

END.
